{"/home/tong/Desktop/API/API/App_LTT_API/server.js": {"path":"/home/tong/Desktop/API/API/App_LTT_API/server.js","statementMap":{"0":{"start":{"line":1,"column":16},"end":{"line":1,"column":34}},"1":{"start":{"line":2,"column":12},"end":{"line":2,"column":21}},"2":{"start":{"line":3,"column":13},"end":{"line":3,"column":28}},"3":{"start":{"line":4,"column":17},"end":{"line":4,"column":39}},"4":{"start":{"line":5,"column":21},"end":{"line":5,"column":45}},"5":{"start":{"line":6,"column":18},"end":{"line":6,"column":47}},"6":{"start":{"line":8,"column":0},"end":{"line":8,"column":48}},"7":{"start":{"line":9,"column":0},"end":{"line":9,"column":24}},"8":{"start":{"line":10,"column":0},"end":{"line":10,"column":15}},"9":{"start":{"line":11,"column":0},"end":{"line":11,"column":27}},"10":{"start":{"line":12,"column":0},"end":{"line":12,"column":51}},"11":{"start":{"line":15,"column":16},"end":{"line":15,"column":49}},"12":{"start":{"line":16,"column":15},"end":{"line":16,"column":47}},"13":{"start":{"line":17,"column":13},"end":{"line":17,"column":53}},"14":{"start":{"line":18,"column":19},"end":{"line":18,"column":55}},"15":{"start":{"line":19,"column":18},"end":{"line":19,"column":47}},"16":{"start":{"line":21,"column":12},"end":{"line":21,"column":49}},"17":{"start":{"line":23,"column":0},"end":{"line":23,"column":25}},"18":{"start":{"line":24,"column":0},"end":{"line":24,"column":24}},"19":{"start":{"line":25,"column":0},"end":{"line":25,"column":22}},"20":{"start":{"line":26,"column":0},"end":{"line":26,"column":28}},"21":{"start":{"line":27,"column":0},"end":{"line":27,"column":28}},"22":{"start":{"line":28,"column":0},"end":{"line":28,"column":21}},"23":{"start":{"line":32,"column":13},"end":{"line":32,"column":37}},"24":{"start":{"line":33,"column":15},"end":{"line":68,"column":1}},"25":{"start":{"line":69,"column":20},"end":{"line":69,"column":40}},"26":{"start":{"line":70,"column":0},"end":{"line":70,"column":66}},"27":{"start":{"line":75,"column":0},"end":{"line":75,"column":63}},"28":{"start":{"line":76,"column":0},"end":{"line":76,"column":21}}},"fnMap":{},"branchMap":{"0":{"loc":{"start":{"line":32,"column":13},"end":{"line":32,"column":37}},"type":"binary-expr","locations":[{"start":{"line":32,"column":13},"end":{"line":32,"column":29}},{"start":{"line":32,"column":33},"end":{"line":32,"column":37}}],"line":32}},"s":{"0":1,"1":1,"2":1,"3":1,"4":1,"5":1,"6":1,"7":1,"8":1,"9":1,"10":1,"11":1,"12":1,"13":1,"14":1,"15":1,"16":1,"17":1,"18":1,"19":1,"20":1,"21":1,"22":1,"23":1,"24":1,"25":1,"26":1,"27":1,"28":1},"f":{},"b":{"0":[1,1]},"_coverageSchema":"1a1c01bbd47fc00a2c39e90264f33305004495a9","hash":"b1236681136b43fe2c79f0a4be1c5fb8b0dcf7b0"}
,"/home/tong/Desktop/API/API/App_LTT_API/tasks.js": {"path":"/home/tong/Desktop/API/API/App_LTT_API/tasks.js","statementMap":{"0":{"start":{"line":2,"column":19},"end":{"line":2,"column":52}},"1":{"start":{"line":3,"column":15},"end":{"line":3,"column":45}},"2":{"start":{"line":4,"column":10},"end":{"line":30,"column":1}},"3":{"start":{"line":6,"column":4},"end":{"line":6,"column":24}},"4":{"start":{"line":7,"column":4},"end":{"line":7,"column":20}},"5":{"start":{"line":9,"column":4},"end":{"line":29,"column":6}},"6":{"start":{"line":10,"column":8},"end":{"line":28,"column":9}},"7":{"start":{"line":11,"column":12},"end":{"line":23,"column":15}},"8":{"start":{"line":12,"column":16},"end":{"line":15,"column":17}},"9":{"start":{"line":13,"column":20},"end":{"line":13,"column":38}},"10":{"start":{"line":14,"column":20},"end":{"line":14,"column":61}},"11":{"start":{"line":16,"column":16},"end":{"line":22,"column":17}},"12":{"start":{"line":17,"column":20},"end":{"line":17,"column":74}},"13":{"start":{"line":20,"column":20},"end":{"line":20,"column":40}},"14":{"start":{"line":21,"column":20},"end":{"line":21,"column":61}},"15":{"start":{"line":24,"column":12},"end":{"line":24,"column":19}},"16":{"start":{"line":26,"column":12},"end":{"line":26,"column":29}},"17":{"start":{"line":27,"column":12},"end":{"line":27,"column":68}},"18":{"start":{"line":32,"column":10},"end":{"line":58,"column":1}},"19":{"start":{"line":34,"column":4},"end":{"line":34,"column":24}},"20":{"start":{"line":35,"column":4},"end":{"line":35,"column":20}},"21":{"start":{"line":37,"column":4},"end":{"line":57,"column":6}},"22":{"start":{"line":38,"column":8},"end":{"line":56,"column":9}},"23":{"start":{"line":39,"column":12},"end":{"line":51,"column":15}},"24":{"start":{"line":40,"column":16},"end":{"line":43,"column":17}},"25":{"start":{"line":41,"column":20},"end":{"line":41,"column":38}},"26":{"start":{"line":42,"column":20},"end":{"line":42,"column":61}},"27":{"start":{"line":44,"column":16},"end":{"line":50,"column":17}},"28":{"start":{"line":45,"column":20},"end":{"line":45,"column":78}},"29":{"start":{"line":48,"column":20},"end":{"line":48,"column":40}},"30":{"start":{"line":49,"column":20},"end":{"line":49,"column":61}},"31":{"start":{"line":52,"column":12},"end":{"line":52,"column":19}},"32":{"start":{"line":54,"column":12},"end":{"line":54,"column":29}},"33":{"start":{"line":55,"column":12},"end":{"line":55,"column":68}},"34":{"start":{"line":60,"column":0},"end":{"line":60,"column":27}}},"fnMap":{"0":{"name":"(anonymous_0)","decl":{"start":{"line":4,"column":10},"end":{"line":4,"column":11}},"loc":{"start":{"line":4,"column":62},"end":{"line":30,"column":1}},"line":4},"1":{"name":"(anonymous_1)","decl":{"start":{"line":9,"column":29},"end":{"line":9,"column":30}},"loc":{"start":{"line":9,"column":52},"end":{"line":29,"column":5}},"line":9},"2":{"name":"(anonymous_2)","decl":{"start":{"line":11,"column":42},"end":{"line":11,"column":43}},"loc":{"start":{"line":11,"column":60},"end":{"line":23,"column":13}},"line":11},"3":{"name":"(anonymous_3)","decl":{"start":{"line":32,"column":10},"end":{"line":32,"column":11}},"loc":{"start":{"line":32,"column":62},"end":{"line":58,"column":1}},"line":32},"4":{"name":"(anonymous_4)","decl":{"start":{"line":37,"column":29},"end":{"line":37,"column":30}},"loc":{"start":{"line":37,"column":52},"end":{"line":57,"column":5}},"line":37},"5":{"name":"(anonymous_5)","decl":{"start":{"line":39,"column":42},"end":{"line":39,"column":43}},"loc":{"start":{"line":39,"column":60},"end":{"line":51,"column":13}},"line":39}},"branchMap":{"0":{"loc":{"start":{"line":10,"column":8},"end":{"line":28,"column":9}},"type":"if","locations":[{"start":{"line":10,"column":8},"end":{"line":28,"column":9}},{"start":{"line":10,"column":8},"end":{"line":28,"column":9}}],"line":10},"1":{"loc":{"start":{"line":12,"column":16},"end":{"line":15,"column":17}},"type":"if","locations":[{"start":{"line":12,"column":16},"end":{"line":15,"column":17}},{"start":{"line":12,"column":16},"end":{"line":15,"column":17}}],"line":12},"2":{"loc":{"start":{"line":16,"column":16},"end":{"line":22,"column":17}},"type":"if","locations":[{"start":{"line":16,"column":16},"end":{"line":22,"column":17}},{"start":{"line":16,"column":16},"end":{"line":22,"column":17}}],"line":16},"3":{"loc":{"start":{"line":38,"column":8},"end":{"line":56,"column":9}},"type":"if","locations":[{"start":{"line":38,"column":8},"end":{"line":56,"column":9}},{"start":{"line":38,"column":8},"end":{"line":56,"column":9}}],"line":38},"4":{"loc":{"start":{"line":40,"column":16},"end":{"line":43,"column":17}},"type":"if","locations":[{"start":{"line":40,"column":16},"end":{"line":43,"column":17}},{"start":{"line":40,"column":16},"end":{"line":43,"column":17}}],"line":40},"5":{"loc":{"start":{"line":44,"column":16},"end":{"line":50,"column":17}},"type":"if","locations":[{"start":{"line":44,"column":16},"end":{"line":50,"column":17}},{"start":{"line":44,"column":16},"end":{"line":50,"column":17}}],"line":44}},"s":{"0":1,"1":1,"2":1,"3":0,"4":0,"5":0,"6":0,"7":0,"8":0,"9":0,"10":0,"11":0,"12":0,"13":0,"14":0,"15":0,"16":0,"17":0,"18":1,"19":0,"20":0,"21":0,"22":0,"23":0,"24":0,"25":0,"26":0,"27":0,"28":0,"29":0,"30":0,"31":0,"32":0,"33":0,"34":1},"f":{"0":0,"1":0,"2":0,"3":0,"4":0,"5":0},"b":{"0":[0,0],"1":[0,0],"2":[0,0],"3":[0,0],"4":[0,0],"5":[0,0]},"_coverageSchema":"1a1c01bbd47fc00a2c39e90264f33305004495a9","hash":"ad04c7611bf2bb16e2f3ea5801df116764580040"}
,"/home/tong/Desktop/API/API/App_LTT_API/config-db/connection.js": {"path":"/home/tong/Desktop/API/API/App_LTT_API/config-db/connection.js","statementMap":{"0":{"start":{"line":2,"column":16},"end":{"line":2,"column":34}},"1":{"start":{"line":3,"column":4},"end":{"line":3,"column":30}},"2":{"start":{"line":4,"column":23},"end":{"line":11,"column":6}},"3":{"start":{"line":12,"column":4},"end":{"line":12,"column":31}}},"fnMap":{},"branchMap":{},"s":{"0":1,"1":1,"2":1,"3":1},"f":{},"b":{},"_coverageSchema":"1a1c01bbd47fc00a2c39e90264f33305004495a9","hash":"ba57bb6ac615264e35391489dca847c3d301598a"}
,"/home/tong/Desktop/API/API/App_LTT_API/config-log/logger.js": {"path":"/home/tong/Desktop/API/API/App_LTT_API/config-log/logger.js","statementMap":{"0":{"start":{"line":2,"column":16},"end":{"line":2,"column":34}},"1":{"start":{"line":3,"column":15},"end":{"line":19,"column":4}},"2":{"start":{"line":20,"column":2},"end":{"line":20,"column":26}}},"fnMap":{},"branchMap":{},"s":{"0":1,"1":1,"2":1},"f":{},"b":{},"_coverageSchema":"1a1c01bbd47fc00a2c39e90264f33305004495a9","hash":"a43c94e081e935a4cc1af153811d63313d7b4960"}
,"/home/tong/Desktop/API/API/App_LTT_API/controllers/HistorySalePeriod.js": {"path":"/home/tong/Desktop/API/API/App_LTT_API/controllers/HistorySalePeriod.js","statementMap":{"0":{"start":{"line":2,"column":26},"end":{"line":2,"column":52}},"1":{"start":{"line":3,"column":16},"end":{"line":3,"column":53}},"2":{"start":{"line":4,"column":11},"end":{"line":4,"column":45}},"3":{"start":{"line":8,"column":0},"end":{"line":135,"column":1}},"4":{"start":{"line":9,"column":41},"end":{"line":9,"column":51}},"5":{"start":{"line":10,"column":4},"end":{"line":134,"column":6}},"6":{"start":{"line":12,"column":8},"end":{"line":133,"column":9}},"7":{"start":{"line":13,"column":12},"end":{"line":131,"column":13}},"8":{"start":{"line":16,"column":34},"end":{"line":16,"column":36}},"9":{"start":{"line":17,"column":37},"end":{"line":19,"column":77}},"10":{"start":{"line":20,"column":16},"end":{"line":22,"column":17}},"11":{"start":{"line":21,"column":20},"end":{"line":21,"column":74}},"12":{"start":{"line":27,"column":32},"end":{"line":27,"column":33}},"13":{"start":{"line":28,"column":27},"end":{"line":28,"column":29}},"14":{"start":{"line":29,"column":34},"end":{"line":32,"column":100}},"15":{"start":{"line":33,"column":16},"end":{"line":36,"column":17}},"16":{"start":{"line":34,"column":20},"end":{"line":34,"column":58}},"17":{"start":{"line":35,"column":20},"end":{"line":35,"column":49}},"18":{"start":{"line":41,"column":32},"end":{"line":41,"column":34}},"19":{"start":{"line":42,"column":35},"end":{"line":46,"column":94}},"20":{"start":{"line":47,"column":16},"end":{"line":48,"column":64}},"21":{"start":{"line":48,"column":20},"end":{"line":48,"column":64}},"22":{"start":{"line":52,"column":30},"end":{"line":52,"column":31}},"23":{"start":{"line":53,"column":33},"end":{"line":55,"column":86}},"24":{"start":{"line":56,"column":16},"end":{"line":56,"column":58}},"25":{"start":{"line":57,"column":16},"end":{"line":57,"column":46}},"26":{"start":{"line":63,"column":40},"end":{"line":74,"column":46}},"27":{"start":{"line":75,"column":16},"end":{"line":76,"column":61}},"28":{"start":{"line":76,"column":16},"end":{"line":76,"column":61}},"29":{"start":{"line":81,"column":34},"end":{"line":81,"column":35}},"30":{"start":{"line":82,"column":37},"end":{"line":82,"column":156}},"31":{"start":{"line":83,"column":16},"end":{"line":85,"column":17}},"32":{"start":{"line":84,"column":20},"end":{"line":84,"column":63}},"33":{"start":{"line":90,"column":40},"end":{"line":116,"column":80}},"34":{"start":{"line":119,"column":16},"end":{"line":127,"column":18}},"35":{"start":{"line":130,"column":16},"end":{"line":130,"column":34}}},"fnMap":{"0":{"name":"(anonymous_0)","decl":{"start":{"line":8,"column":14},"end":{"line":8,"column":15}},"loc":{"start":{"line":8,"column":34},"end":{"line":135,"column":1}},"line":8},"1":{"name":"(anonymous_1)","decl":{"start":{"line":10,"column":21},"end":{"line":10,"column":22}},"loc":{"start":{"line":10,"column":50},"end":{"line":134,"column":5}},"line":10}},"branchMap":{"0":{"loc":{"start":{"line":12,"column":8},"end":{"line":133,"column":9}},"type":"if","locations":[{"start":{"line":12,"column":8},"end":{"line":133,"column":9}},{"start":{"line":12,"column":8},"end":{"line":133,"column":9}}],"line":12},"1":{"loc":{"start":{"line":20,"column":16},"end":{"line":22,"column":17}},"type":"if","locations":[{"start":{"line":20,"column":16},"end":{"line":22,"column":17}},{"start":{"line":20,"column":16},"end":{"line":22,"column":17}}],"line":20},"2":{"loc":{"start":{"line":33,"column":16},"end":{"line":36,"column":17}},"type":"if","locations":[{"start":{"line":33,"column":16},"end":{"line":36,"column":17}},{"start":{"line":33,"column":16},"end":{"line":36,"column":17}}],"line":33},"3":{"loc":{"start":{"line":47,"column":16},"end":{"line":48,"column":64}},"type":"if","locations":[{"start":{"line":47,"column":16},"end":{"line":48,"column":64}},{"start":{"line":47,"column":16},"end":{"line":48,"column":64}}],"line":47},"4":{"loc":{"start":{"line":75,"column":16},"end":{"line":76,"column":61}},"type":"if","locations":[{"start":{"line":75,"column":16},"end":{"line":76,"column":61}},{"start":{"line":75,"column":16},"end":{"line":76,"column":61}}],"line":75},"5":{"loc":{"start":{"line":83,"column":16},"end":{"line":85,"column":17}},"type":"if","locations":[{"start":{"line":83,"column":16},"end":{"line":85,"column":17}},{"start":{"line":83,"column":16},"end":{"line":85,"column":17}}],"line":83}},"s":{"0":1,"1":1,"2":1,"3":1,"4":0,"5":0,"6":0,"7":0,"8":0,"9":0,"10":0,"11":0,"12":0,"13":0,"14":0,"15":0,"16":0,"17":0,"18":0,"19":0,"20":0,"21":0,"22":0,"23":0,"24":0,"25":0,"26":0,"27":0,"28":0,"29":0,"30":0,"31":0,"32":0,"33":0,"34":0,"35":0},"f":{"0":0,"1":0},"b":{"0":[0,0],"1":[0,0],"2":[0,0],"3":[0,0],"4":[0,0],"5":[0,0]},"_coverageSchema":"1a1c01bbd47fc00a2c39e90264f33305004495a9","hash":"ac12eba5ae91bcbded038882020ae362b18d1252"}
,"/home/tong/Desktop/API/API/App_LTT_API/controllers/account.controller.js": {"path":"/home/tong/Desktop/API/API/App_LTT_API/controllers/account.controller.js","statementMap":{"0":{"start":{"line":3,"column":19},"end":{"line":3,"column":53}},"1":{"start":{"line":4,"column":12},"end":{"line":4,"column":35}},"2":{"start":{"line":5,"column":14},"end":{"line":5,"column":48}},"3":{"start":{"line":6,"column":10},"end":{"line":6,"column":12}},"4":{"start":{"line":7,"column":15},"end":{"line":7,"column":46}},"5":{"start":{"line":8,"column":16},"end":{"line":8,"column":35}},"6":{"start":{"line":9,"column":15},"end":{"line":9,"column":32}},"7":{"start":{"line":10,"column":0},"end":{"line":10,"column":26}},"8":{"start":{"line":12,"column":0},"end":{"line":88,"column":1}},"9":{"start":{"line":16,"column":5},"end":{"line":16,"column":25}},"10":{"start":{"line":17,"column":4},"end":{"line":17,"column":74}},"11":{"start":{"line":18,"column":0},"end":{"line":87,"column":1}},"12":{"start":{"line":19,"column":4},"end":{"line":84,"column":6}},"13":{"start":{"line":20,"column":8},"end":{"line":83,"column":9}},"14":{"start":{"line":21,"column":31},"end":{"line":21,"column":33}},"15":{"start":{"line":22,"column":30},"end":{"line":22,"column":146}},"16":{"start":{"line":24,"column":12},"end":{"line":78,"column":13}},"17":{"start":{"line":26,"column":16},"end":{"line":26,"column":68}},"18":{"start":{"line":28,"column":17},"end":{"line":28,"column":105}},"19":{"start":{"line":30,"column":16},"end":{"line":74,"column":19}},"20":{"start":{"line":32,"column":20},"end":{"line":35,"column":21}},"21":{"start":{"line":33,"column":24},"end":{"line":33,"column":49}},"22":{"start":{"line":34,"column":24},"end":{"line":34,"column":69}},"23":{"start":{"line":36,"column":20},"end":{"line":73,"column":21}},"24":{"start":{"line":37,"column":24},"end":{"line":37,"column":82}},"25":{"start":{"line":40,"column":24},"end":{"line":72,"column":25}},"26":{"start":{"line":41,"column":43},"end":{"line":41,"column":63}},"27":{"start":{"line":42,"column":50},"end":{"line":42,"column":114}},"28":{"start":{"line":44,"column":28},"end":{"line":65,"column":30}},"29":{"start":{"line":46,"column":32},"end":{"line":64,"column":33}},"30":{"start":{"line":47,"column":50},"end":{"line":49,"column":38}},"31":{"start":{"line":50,"column":36},"end":{"line":57,"column":39}},"32":{"start":{"line":59,"column":36},"end":{"line":62,"column":38}},"33":{"start":{"line":67,"column":29},"end":{"line":72,"column":25}},"34":{"start":{"line":68,"column":28},"end":{"line":68,"column":70}},"35":{"start":{"line":70,"column":29},"end":{"line":72,"column":25}},"36":{"start":{"line":71,"column":28},"end":{"line":71,"column":70}},"37":{"start":{"line":77,"column":16},"end":{"line":77,"column":61}},"38":{"start":{"line":79,"column":12},"end":{"line":79,"column":19}},"39":{"start":{"line":81,"column":12},"end":{"line":81,"column":29}},"40":{"start":{"line":82,"column":12},"end":{"line":82,"column":55}},"41":{"start":{"line":86,"column":4},"end":{"line":86,"column":23}},"42":{"start":{"line":92,"column":0},"end":{"line":141,"column":1}},"43":{"start":{"line":93,"column":3},"end":{"line":93,"column":23}},"44":{"start":{"line":94,"column":4},"end":{"line":140,"column":6}},"45":{"start":{"line":95,"column":8},"end":{"line":139,"column":9}},"46":{"start":{"line":96,"column":12},"end":{"line":96,"column":72}},"47":{"start":{"line":97,"column":12},"end":{"line":134,"column":14}},"48":{"start":{"line":98,"column":16},"end":{"line":133,"column":17}},"49":{"start":{"line":99,"column":20},"end":{"line":99,"column":45}},"50":{"start":{"line":100,"column":20},"end":{"line":100,"column":70}},"51":{"start":{"line":102,"column":21},"end":{"line":133,"column":17}},"52":{"start":{"line":103,"column":20},"end":{"line":103,"column":60}},"53":{"start":{"line":105,"column":24},"end":{"line":132,"column":26}},"54":{"start":{"line":106,"column":28},"end":{"line":131,"column":29}},"55":{"start":{"line":107,"column":32},"end":{"line":127,"column":35}},"56":{"start":{"line":108,"column":36},"end":{"line":125,"column":37}},"57":{"start":{"line":109,"column":40},"end":{"line":109,"column":109}},"58":{"start":{"line":110,"column":40},"end":{"line":120,"column":42}},"59":{"start":{"line":111,"column":44},"end":{"line":114,"column":45}},"60":{"start":{"line":112,"column":50},"end":{"line":112,"column":71}},"61":{"start":{"line":113,"column":50},"end":{"line":113,"column":96}},"62":{"start":{"line":115,"column":44},"end":{"line":119,"column":45}},"63":{"start":{"line":116,"column":48},"end":{"line":116,"column":99}},"64":{"start":{"line":118,"column":48},"end":{"line":118,"column":102}},"65":{"start":{"line":123,"column":40},"end":{"line":123,"column":58}},"66":{"start":{"line":124,"column":40},"end":{"line":124,"column":113}},"67":{"start":{"line":129,"column":32},"end":{"line":129,"column":47}},"68":{"start":{"line":130,"column":32},"end":{"line":130,"column":97}},"69":{"start":{"line":135,"column":12},"end":{"line":135,"column":19}},"70":{"start":{"line":137,"column":12},"end":{"line":137,"column":35}},"71":{"start":{"line":138,"column":12},"end":{"line":138,"column":86}},"72":{"start":{"line":157,"column":0},"end":{"line":188,"column":1}},"73":{"start":{"line":159,"column":4},"end":{"line":159,"column":24}},"74":{"start":{"line":161,"column":4},"end":{"line":161,"column":75}},"75":{"start":{"line":163,"column":4},"end":{"line":163,"column":71}},"76":{"start":{"line":165,"column":4},"end":{"line":187,"column":6}},"77":{"start":{"line":167,"column":8},"end":{"line":186,"column":9}},"78":{"start":{"line":168,"column":12},"end":{"line":182,"column":14}},"79":{"start":{"line":169,"column":16},"end":{"line":172,"column":17}},"80":{"start":{"line":170,"column":20},"end":{"line":170,"column":39}},"81":{"start":{"line":171,"column":20},"end":{"line":171,"column":65}},"82":{"start":{"line":174,"column":16},"end":{"line":180,"column":17}},"83":{"start":{"line":175,"column":20},"end":{"line":175,"column":54}},"84":{"start":{"line":179,"column":20},"end":{"line":179,"column":53}},"85":{"start":{"line":183,"column":12},"end":{"line":183,"column":19}},"86":{"start":{"line":185,"column":12},"end":{"line":185,"column":68}},"87":{"start":{"line":192,"column":0},"end":{"line":258,"column":1}},"88":{"start":{"line":194,"column":26},"end":{"line":194,"column":30}},"89":{"start":{"line":195,"column":4},"end":{"line":195,"column":24}},"90":{"start":{"line":198,"column":4},"end":{"line":198,"column":68}},"91":{"start":{"line":199,"column":4},"end":{"line":217,"column":6}},"92":{"start":{"line":201,"column":8},"end":{"line":215,"column":9}},"93":{"start":{"line":202,"column":12},"end":{"line":211,"column":14}},"94":{"start":{"line":204,"column":16},"end":{"line":207,"column":17}},"95":{"start":{"line":205,"column":20},"end":{"line":205,"column":39}},"96":{"start":{"line":206,"column":20},"end":{"line":206,"column":65}},"97":{"start":{"line":209,"column":16},"end":{"line":210,"column":42}},"98":{"start":{"line":210,"column":20},"end":{"line":210,"column":42}},"99":{"start":{"line":212,"column":12},"end":{"line":212,"column":19}},"100":{"start":{"line":214,"column":12},"end":{"line":214,"column":68}},"101":{"start":{"line":218,"column":4},"end":{"line":218,"column":96}},"102":{"start":{"line":221,"column":4},"end":{"line":229,"column":14}},"103":{"start":{"line":231,"column":4},"end":{"line":257,"column":6}},"104":{"start":{"line":232,"column":8},"end":{"line":256,"column":9}},"105":{"start":{"line":233,"column":12},"end":{"line":252,"column":14}},"106":{"start":{"line":235,"column":16},"end":{"line":239,"column":17}},"107":{"start":{"line":236,"column":20},"end":{"line":236,"column":39}},"108":{"start":{"line":237,"column":20},"end":{"line":237,"column":65}},"109":{"start":{"line":240,"column":16},"end":{"line":251,"column":17}},"110":{"start":{"line":241,"column":20},"end":{"line":241,"column":54}},"111":{"start":{"line":244,"column":20},"end":{"line":250,"column":22}},"112":{"start":{"line":253,"column":12},"end":{"line":253,"column":19}},"113":{"start":{"line":255,"column":12},"end":{"line":255,"column":68}}},"fnMap":{"0":{"name":"(anonymous_0)","decl":{"start":{"line":12,"column":16},"end":{"line":12,"column":17}},"loc":{"start":{"line":12,"column":36},"end":{"line":88,"column":1}},"line":12},"1":{"name":"(anonymous_1)","decl":{"start":{"line":19,"column":29},"end":{"line":19,"column":30}},"loc":{"start":{"line":19,"column":58},"end":{"line":84,"column":5}},"line":19},"2":{"name":"(anonymous_2)","decl":{"start":{"line":30,"column":63},"end":{"line":30,"column":64}},"loc":{"start":{"line":30,"column":89},"end":{"line":74,"column":17}},"line":30},"3":{"name":"(anonymous_3)","decl":{"start":{"line":44,"column":94},"end":{"line":44,"column":95}},"loc":{"start":{"line":44,"column":115},"end":{"line":65,"column":29}},"line":44},"4":{"name":"(anonymous_4)","decl":{"start":{"line":92,"column":26},"end":{"line":92,"column":27}},"loc":{"start":{"line":92,"column":46},"end":{"line":141,"column":1}},"line":92},"5":{"name":"(anonymous_5)","decl":{"start":{"line":94,"column":29},"end":{"line":94,"column":30}},"loc":{"start":{"line":94,"column":58},"end":{"line":140,"column":5}},"line":94},"6":{"name":"(anonymous_6)","decl":{"start":{"line":97,"column":53},"end":{"line":97,"column":54}},"loc":{"start":{"line":97,"column":70},"end":{"line":134,"column":13}},"line":97},"7":{"name":"(anonymous_7)","decl":{"start":{"line":105,"column":87},"end":{"line":105,"column":88}},"loc":{"start":{"line":105,"column":104},"end":{"line":132,"column":25}},"line":105},"8":{"name":"(anonymous_8)","decl":{"start":{"line":107,"column":78},"end":{"line":107,"column":79}},"loc":{"start":{"line":107,"column":94},"end":{"line":127,"column":33}},"line":107},"9":{"name":"(anonymous_9)","decl":{"start":{"line":110,"column":87},"end":{"line":110,"column":88}},"loc":{"start":{"line":110,"column":97},"end":{"line":120,"column":41}},"line":110},"10":{"name":"(anonymous_10)","decl":{"start":{"line":157,"column":23},"end":{"line":157,"column":24}},"loc":{"start":{"line":157,"column":43},"end":{"line":188,"column":1}},"line":157},"11":{"name":"(anonymous_11)","decl":{"start":{"line":165,"column":29},"end":{"line":165,"column":30}},"loc":{"start":{"line":165,"column":52},"end":{"line":187,"column":5}},"line":165},"12":{"name":"(anonymous_12)","decl":{"start":{"line":168,"column":54},"end":{"line":168,"column":55}},"loc":{"start":{"line":168,"column":74},"end":{"line":182,"column":13}},"line":168},"13":{"name":"(anonymous_13)","decl":{"start":{"line":192,"column":25},"end":{"line":192,"column":26}},"loc":{"start":{"line":192,"column":45},"end":{"line":258,"column":1}},"line":192},"14":{"name":"(anonymous_14)","decl":{"start":{"line":199,"column":29},"end":{"line":199,"column":30}},"loc":{"start":{"line":199,"column":52},"end":{"line":217,"column":5}},"line":199},"15":{"name":"(anonymous_15)","decl":{"start":{"line":202,"column":54},"end":{"line":202,"column":55}},"loc":{"start":{"line":202,"column":74},"end":{"line":211,"column":13}},"line":202},"16":{"name":"(anonymous_16)","decl":{"start":{"line":231,"column":29},"end":{"line":231,"column":30}},"loc":{"start":{"line":231,"column":52},"end":{"line":257,"column":5}},"line":231},"17":{"name":"(anonymous_17)","decl":{"start":{"line":233,"column":53},"end":{"line":233,"column":54}},"loc":{"start":{"line":233,"column":73},"end":{"line":252,"column":13}},"line":233}},"branchMap":{"0":{"loc":{"start":{"line":20,"column":8},"end":{"line":83,"column":9}},"type":"if","locations":[{"start":{"line":20,"column":8},"end":{"line":83,"column":9}},{"start":{"line":20,"column":8},"end":{"line":83,"column":9}}],"line":20},"1":{"loc":{"start":{"line":24,"column":12},"end":{"line":78,"column":13}},"type":"if","locations":[{"start":{"line":24,"column":12},"end":{"line":78,"column":13}},{"start":{"line":24,"column":12},"end":{"line":78,"column":13}}],"line":24},"2":{"loc":{"start":{"line":32,"column":20},"end":{"line":35,"column":21}},"type":"if","locations":[{"start":{"line":32,"column":20},"end":{"line":35,"column":21}},{"start":{"line":32,"column":20},"end":{"line":35,"column":21}}],"line":32},"3":{"loc":{"start":{"line":36,"column":20},"end":{"line":73,"column":21}},"type":"if","locations":[{"start":{"line":36,"column":20},"end":{"line":73,"column":21}},{"start":{"line":36,"column":20},"end":{"line":73,"column":21}}],"line":36},"4":{"loc":{"start":{"line":40,"column":24},"end":{"line":72,"column":25}},"type":"if","locations":[{"start":{"line":40,"column":24},"end":{"line":72,"column":25}},{"start":{"line":40,"column":24},"end":{"line":72,"column":25}}],"line":40},"5":{"loc":{"start":{"line":46,"column":32},"end":{"line":64,"column":33}},"type":"if","locations":[{"start":{"line":46,"column":32},"end":{"line":64,"column":33}},{"start":{"line":46,"column":32},"end":{"line":64,"column":33}}],"line":46},"6":{"loc":{"start":{"line":67,"column":29},"end":{"line":72,"column":25}},"type":"if","locations":[{"start":{"line":67,"column":29},"end":{"line":72,"column":25}},{"start":{"line":67,"column":29},"end":{"line":72,"column":25}}],"line":67},"7":{"loc":{"start":{"line":70,"column":29},"end":{"line":72,"column":25}},"type":"if","locations":[{"start":{"line":70,"column":29},"end":{"line":72,"column":25}},{"start":{"line":70,"column":29},"end":{"line":72,"column":25}}],"line":70},"8":{"loc":{"start":{"line":95,"column":8},"end":{"line":139,"column":9}},"type":"if","locations":[{"start":{"line":95,"column":8},"end":{"line":139,"column":9}},{"start":{"line":95,"column":8},"end":{"line":139,"column":9}}],"line":95},"9":{"loc":{"start":{"line":98,"column":16},"end":{"line":133,"column":17}},"type":"if","locations":[{"start":{"line":98,"column":16},"end":{"line":133,"column":17}},{"start":{"line":98,"column":16},"end":{"line":133,"column":17}}],"line":98},"10":{"loc":{"start":{"line":102,"column":21},"end":{"line":133,"column":17}},"type":"if","locations":[{"start":{"line":102,"column":21},"end":{"line":133,"column":17}},{"start":{"line":102,"column":21},"end":{"line":133,"column":17}}],"line":102},"11":{"loc":{"start":{"line":106,"column":28},"end":{"line":131,"column":29}},"type":"if","locations":[{"start":{"line":106,"column":28},"end":{"line":131,"column":29}},{"start":{"line":106,"column":28},"end":{"line":131,"column":29}}],"line":106},"12":{"loc":{"start":{"line":106,"column":32},"end":{"line":106,"column":46}},"type":"binary-expr","locations":[{"start":{"line":106,"column":32},"end":{"line":106,"column":34}},{"start":{"line":106,"column":38},"end":{"line":106,"column":46}}],"line":106},"13":{"loc":{"start":{"line":108,"column":36},"end":{"line":125,"column":37}},"type":"if","locations":[{"start":{"line":108,"column":36},"end":{"line":125,"column":37}},{"start":{"line":108,"column":36},"end":{"line":125,"column":37}}],"line":108},"14":{"loc":{"start":{"line":111,"column":44},"end":{"line":114,"column":45}},"type":"if","locations":[{"start":{"line":111,"column":44},"end":{"line":114,"column":45}},{"start":{"line":111,"column":44},"end":{"line":114,"column":45}}],"line":111},"15":{"loc":{"start":{"line":115,"column":44},"end":{"line":119,"column":45}},"type":"if","locations":[{"start":{"line":115,"column":44},"end":{"line":119,"column":45}},{"start":{"line":115,"column":44},"end":{"line":119,"column":45}}],"line":115},"16":{"loc":{"start":{"line":167,"column":8},"end":{"line":186,"column":9}},"type":"if","locations":[{"start":{"line":167,"column":8},"end":{"line":186,"column":9}},{"start":{"line":167,"column":8},"end":{"line":186,"column":9}}],"line":167},"17":{"loc":{"start":{"line":169,"column":16},"end":{"line":172,"column":17}},"type":"if","locations":[{"start":{"line":169,"column":16},"end":{"line":172,"column":17}},{"start":{"line":169,"column":16},"end":{"line":172,"column":17}}],"line":169},"18":{"loc":{"start":{"line":174,"column":16},"end":{"line":180,"column":17}},"type":"if","locations":[{"start":{"line":174,"column":16},"end":{"line":180,"column":17}},{"start":{"line":174,"column":16},"end":{"line":180,"column":17}}],"line":174},"19":{"loc":{"start":{"line":201,"column":8},"end":{"line":215,"column":9}},"type":"if","locations":[{"start":{"line":201,"column":8},"end":{"line":215,"column":9}},{"start":{"line":201,"column":8},"end":{"line":215,"column":9}}],"line":201},"20":{"loc":{"start":{"line":204,"column":16},"end":{"line":207,"column":17}},"type":"if","locations":[{"start":{"line":204,"column":16},"end":{"line":207,"column":17}},{"start":{"line":204,"column":16},"end":{"line":207,"column":17}}],"line":204},"21":{"loc":{"start":{"line":209,"column":16},"end":{"line":210,"column":42}},"type":"if","locations":[{"start":{"line":209,"column":16},"end":{"line":210,"column":42}},{"start":{"line":209,"column":16},"end":{"line":210,"column":42}}],"line":209},"22":{"loc":{"start":{"line":209,"column":20},"end":{"line":209,"column":75}},"type":"binary-expr","locations":[{"start":{"line":209,"column":20},"end":{"line":209,"column":36}},{"start":{"line":209,"column":40},"end":{"line":209,"column":75}}],"line":209},"23":{"loc":{"start":{"line":232,"column":8},"end":{"line":256,"column":9}},"type":"if","locations":[{"start":{"line":232,"column":8},"end":{"line":256,"column":9}},{"start":{"line":232,"column":8},"end":{"line":256,"column":9}}],"line":232},"24":{"loc":{"start":{"line":235,"column":16},"end":{"line":239,"column":17}},"type":"if","locations":[{"start":{"line":235,"column":16},"end":{"line":239,"column":17}},{"start":{"line":235,"column":16},"end":{"line":239,"column":17}}],"line":235},"25":{"loc":{"start":{"line":240,"column":16},"end":{"line":251,"column":17}},"type":"if","locations":[{"start":{"line":240,"column":16},"end":{"line":251,"column":17}},{"start":{"line":240,"column":16},"end":{"line":251,"column":17}}],"line":240}},"s":{"0":1,"1":1,"2":1,"3":1,"4":1,"5":1,"6":1,"7":1,"8":1,"9":0,"10":0,"11":0,"12":0,"13":0,"14":0,"15":0,"16":0,"17":0,"18":0,"19":0,"20":0,"21":0,"22":0,"23":0,"24":0,"25":0,"26":0,"27":0,"28":0,"29":0,"30":0,"31":0,"32":0,"33":0,"34":0,"35":0,"36":0,"37":0,"38":0,"39":0,"40":0,"41":0,"42":1,"43":0,"44":0,"45":0,"46":0,"47":0,"48":0,"49":0,"50":0,"51":0,"52":0,"53":0,"54":0,"55":0,"56":0,"57":0,"58":0,"59":0,"60":0,"61":0,"62":0,"63":0,"64":0,"65":0,"66":0,"67":0,"68":0,"69":0,"70":0,"71":0,"72":1,"73":0,"74":0,"75":0,"76":0,"77":0,"78":0,"79":0,"80":0,"81":0,"82":0,"83":0,"84":0,"85":0,"86":0,"87":1,"88":0,"89":0,"90":0,"91":0,"92":0,"93":0,"94":0,"95":0,"96":0,"97":0,"98":0,"99":0,"100":0,"101":0,"102":0,"103":0,"104":0,"105":0,"106":0,"107":0,"108":0,"109":0,"110":0,"111":0,"112":0,"113":0},"f":{"0":0,"1":0,"2":0,"3":0,"4":0,"5":0,"6":0,"7":0,"8":0,"9":0,"10":0,"11":0,"12":0,"13":0,"14":0,"15":0,"16":0,"17":0},"b":{"0":[0,0],"1":[0,0],"2":[0,0],"3":[0,0],"4":[0,0],"5":[0,0],"6":[0,0],"7":[0,0],"8":[0,0],"9":[0,0],"10":[0,0],"11":[0,0],"12":[0,0],"13":[0,0],"14":[0,0],"15":[0,0],"16":[0,0],"17":[0,0],"18":[0,0],"19":[0,0],"20":[0,0],"21":[0,0],"22":[0,0],"23":[0,0],"24":[0,0],"25":[0,0]},"_coverageSchema":"1a1c01bbd47fc00a2c39e90264f33305004495a9","hash":"8a02941ccb0d424944ff5f6fb95def04e5c789cb"}
,"/home/tong/Desktop/API/API/App_LTT_API/controllers/billcancel.controller.js": {"path":"/home/tong/Desktop/API/API/App_LTT_API/controllers/billcancel.controller.js","statementMap":{"0":{"start":{"line":2,"column":11},"end":{"line":2,"column":45}},"1":{"start":{"line":3,"column":11},"end":{"line":3,"column":42}},"2":{"start":{"line":4,"column":13},"end":{"line":4,"column":42}},"3":{"start":{"line":5,"column":15},"end":{"line":5,"column":46}},"4":{"start":{"line":6,"column":10},"end":{"line":6,"column":12}},"5":{"start":{"line":7,"column":23},"end":{"line":7,"column":38}},"6":{"start":{"line":8,"column":15},"end":{"line":8,"column":35}},"7":{"start":{"line":9,"column":31},"end":{"line":9,"column":62}},"8":{"start":{"line":12,"column":0},"end":{"line":76,"column":1}},"9":{"start":{"line":13,"column":4},"end":{"line":13,"column":21}},"10":{"start":{"line":14,"column":4},"end":{"line":75,"column":6}},"11":{"start":{"line":15,"column":8},"end":{"line":74,"column":9}},"12":{"start":{"line":16,"column":12},"end":{"line":69,"column":13}},"13":{"start":{"line":17,"column":37},"end":{"line":17,"column":39}},"14":{"start":{"line":18,"column":35},"end":{"line":18,"column":37}},"15":{"start":{"line":19,"column":33},"end":{"line":19,"column":35}},"16":{"start":{"line":20,"column":29},"end":{"line":20,"column":31}},"17":{"start":{"line":22,"column":38},"end":{"line":22,"column":114}},"18":{"start":{"line":23,"column":16},"end":{"line":25,"column":17}},"19":{"start":{"line":24,"column":20},"end":{"line":24,"column":78}},"20":{"start":{"line":27,"column":31},"end":{"line":27,"column":33}},"21":{"start":{"line":28,"column":34},"end":{"line":28,"column":177}},"22":{"start":{"line":29,"column":16},"end":{"line":33,"column":17}},"23":{"start":{"line":30,"column":20},"end":{"line":30,"column":53}},"24":{"start":{"line":31,"column":20},"end":{"line":31,"column":70}},"25":{"start":{"line":32,"column":20},"end":{"line":32,"column":62}},"26":{"start":{"line":35,"column":33},"end":{"line":35,"column":37}},"27":{"start":{"line":36,"column":36},"end":{"line":36,"column":193}},"28":{"start":{"line":37,"column":16},"end":{"line":39,"column":17}},"29":{"start":{"line":38,"column":20},"end":{"line":38,"column":57}},"30":{"start":{"line":41,"column":16},"end":{"line":52,"column":17}},"31":{"start":{"line":42,"column":20},"end":{"line":42,"column":128}},"32":{"start":{"line":43,"column":23},"end":{"line":52,"column":17}},"33":{"start":{"line":44,"column":46},"end":{"line":44,"column":166}},"34":{"start":{"line":45,"column":20},"end":{"line":51,"column":21}},"35":{"start":{"line":46,"column":41},"end":{"line":46,"column":43}},"36":{"start":{"line":47,"column":24},"end":{"line":49,"column":25}},"37":{"start":{"line":47,"column":37},"end":{"line":47,"column":38}},"38":{"start":{"line":48,"column":28},"end":{"line":48,"column":124}},"39":{"start":{"line":50,"column":24},"end":{"line":50,"column":51}},"40":{"start":{"line":54,"column":16},"end":{"line":66,"column":18}},"41":{"start":{"line":68,"column":16},"end":{"line":68,"column":35}},"42":{"start":{"line":70,"column":12},"end":{"line":70,"column":18}},"43":{"start":{"line":72,"column":12},"end":{"line":72,"column":29}},"44":{"start":{"line":73,"column":12},"end":{"line":73,"column":60}},"45":{"start":{"line":78,"column":0},"end":{"line":172,"column":1}},"46":{"start":{"line":79,"column":4},"end":{"line":79,"column":21}},"47":{"start":{"line":80,"column":22},"end":{"line":80,"column":30}},"48":{"start":{"line":81,"column":4},"end":{"line":82,"column":52}},"49":{"start":{"line":84,"column":4},"end":{"line":171,"column":6}},"50":{"start":{"line":85,"column":8},"end":{"line":170,"column":9}},"51":{"start":{"line":86,"column":12},"end":{"line":165,"column":13}},"52":{"start":{"line":88,"column":16},"end":{"line":162,"column":18}},"53":{"start":{"line":90,"column":20},"end":{"line":93,"column":21}},"54":{"start":{"line":91,"column":24},"end":{"line":91,"column":49}},"55":{"start":{"line":92,"column":24},"end":{"line":92,"column":113}},"56":{"start":{"line":94,"column":20},"end":{"line":161,"column":21}},"57":{"start":{"line":95,"column":24},"end":{"line":95,"column":82}},"58":{"start":{"line":98,"column":24},"end":{"line":98,"column":108}},"59":{"start":{"line":100,"column":24},"end":{"line":160,"column":30}},"60":{"start":{"line":113,"column":32},"end":{"line":116,"column":33}},"61":{"start":{"line":114,"column":36},"end":{"line":114,"column":60}},"62":{"start":{"line":115,"column":36},"end":{"line":115,"column":127}},"63":{"start":{"line":117,"column":32},"end":{"line":159,"column":33}},"64":{"start":{"line":119,"column":36},"end":{"line":119,"column":92}},"65":{"start":{"line":121,"column":36},"end":{"line":158,"column":38}},"66":{"start":{"line":122,"column":40},"end":{"line":125,"column":41}},"67":{"start":{"line":123,"column":44},"end":{"line":123,"column":66}},"68":{"start":{"line":124,"column":44},"end":{"line":124,"column":90}},"69":{"start":{"line":126,"column":40},"end":{"line":157,"column":41}},"70":{"start":{"line":127,"column":44},"end":{"line":127,"column":119}},"71":{"start":{"line":130,"column":67},"end":{"line":130,"column":69}},"72":{"start":{"line":131,"column":44},"end":{"line":133,"column":45}},"73":{"start":{"line":131,"column":57},"end":{"line":131,"column":58}},"74":{"start":{"line":132,"column":48},"end":{"line":132,"column":175}},"75":{"start":{"line":135,"column":44},"end":{"line":136,"column":96}},"76":{"start":{"line":138,"column":44},"end":{"line":156,"column":46}},"77":{"start":{"line":139,"column":48},"end":{"line":141,"column":49}},"78":{"start":{"line":140,"column":52},"end":{"line":140,"column":152}},"79":{"start":{"line":142,"column":48},"end":{"line":154,"column":49}},"80":{"start":{"line":143,"column":52},"end":{"line":143,"column":106}},"81":{"start":{"line":145,"column":52},"end":{"line":152,"column":54}},"82":{"start":{"line":146,"column":56},"end":{"line":150,"column":57}},"83":{"start":{"line":147,"column":60},"end":{"line":147,"column":149}},"84":{"start":{"line":149,"column":60},"end":{"line":149,"column":111}},"85":{"start":{"line":164,"column":16},"end":{"line":164,"column":35}},"86":{"start":{"line":166,"column":12},"end":{"line":166,"column":19}},"87":{"start":{"line":168,"column":12},"end":{"line":168,"column":29}},"88":{"start":{"line":169,"column":12},"end":{"line":169,"column":68}}},"fnMap":{"0":{"name":"(anonymous_0)","decl":{"start":{"line":12,"column":14},"end":{"line":12,"column":15}},"loc":{"start":{"line":12,"column":34},"end":{"line":76,"column":1}},"line":12},"1":{"name":"(anonymous_1)","decl":{"start":{"line":14,"column":21},"end":{"line":14,"column":22}},"loc":{"start":{"line":14,"column":50},"end":{"line":75,"column":5}},"line":14},"2":{"name":"(anonymous_2)","decl":{"start":{"line":78,"column":21},"end":{"line":78,"column":22}},"loc":{"start":{"line":78,"column":41},"end":{"line":172,"column":1}},"line":78},"3":{"name":"(anonymous_3)","decl":{"start":{"line":84,"column":21},"end":{"line":84,"column":22}},"loc":{"start":{"line":84,"column":50},"end":{"line":171,"column":5}},"line":84},"4":{"name":"(anonymous_4)","decl":{"start":{"line":88,"column":72},"end":{"line":88,"column":73}},"loc":{"start":{"line":88,"column":98},"end":{"line":162,"column":17}},"line":88},"5":{"name":"(anonymous_5)","decl":{"start":{"line":111,"column":29},"end":{"line":111,"column":30}},"loc":{"start":{"line":111,"column":51},"end":{"line":160,"column":29}},"line":111},"6":{"name":"(anonymous_6)","decl":{"start":{"line":121,"column":69},"end":{"line":121,"column":70}},"loc":{"start":{"line":121,"column":81},"end":{"line":158,"column":37}},"line":121},"7":{"name":"(anonymous_7)","decl":{"start":{"line":138,"column":92},"end":{"line":138,"column":93}},"loc":{"start":{"line":138,"column":111},"end":{"line":156,"column":45}},"line":138},"8":{"name":"(anonymous_8)","decl":{"start":{"line":145,"column":85},"end":{"line":145,"column":86}},"loc":{"start":{"line":145,"column":93},"end":{"line":152,"column":53}},"line":145}},"branchMap":{"0":{"loc":{"start":{"line":15,"column":8},"end":{"line":74,"column":9}},"type":"if","locations":[{"start":{"line":15,"column":8},"end":{"line":74,"column":9}},{"start":{"line":15,"column":8},"end":{"line":74,"column":9}}],"line":15},"1":{"loc":{"start":{"line":23,"column":16},"end":{"line":25,"column":17}},"type":"if","locations":[{"start":{"line":23,"column":16},"end":{"line":25,"column":17}},{"start":{"line":23,"column":16},"end":{"line":25,"column":17}}],"line":23},"2":{"loc":{"start":{"line":29,"column":16},"end":{"line":33,"column":17}},"type":"if","locations":[{"start":{"line":29,"column":16},"end":{"line":33,"column":17}},{"start":{"line":29,"column":16},"end":{"line":33,"column":17}}],"line":29},"3":{"loc":{"start":{"line":37,"column":16},"end":{"line":39,"column":17}},"type":"if","locations":[{"start":{"line":37,"column":16},"end":{"line":39,"column":17}},{"start":{"line":37,"column":16},"end":{"line":39,"column":17}}],"line":37},"4":{"loc":{"start":{"line":41,"column":16},"end":{"line":52,"column":17}},"type":"if","locations":[{"start":{"line":41,"column":16},"end":{"line":52,"column":17}},{"start":{"line":41,"column":16},"end":{"line":52,"column":17}}],"line":41},"5":{"loc":{"start":{"line":41,"column":20},"end":{"line":41,"column":54}},"type":"binary-expr","locations":[{"start":{"line":41,"column":20},"end":{"line":41,"column":34}},{"start":{"line":41,"column":38},"end":{"line":41,"column":54}}],"line":41},"6":{"loc":{"start":{"line":43,"column":23},"end":{"line":52,"column":17}},"type":"if","locations":[{"start":{"line":43,"column":23},"end":{"line":52,"column":17}},{"start":{"line":43,"column":23},"end":{"line":52,"column":17}}],"line":43},"7":{"loc":{"start":{"line":43,"column":27},"end":{"line":43,"column":61}},"type":"binary-expr","locations":[{"start":{"line":43,"column":27},"end":{"line":43,"column":41}},{"start":{"line":43,"column":45},"end":{"line":43,"column":61}}],"line":43},"8":{"loc":{"start":{"line":45,"column":20},"end":{"line":51,"column":21}},"type":"if","locations":[{"start":{"line":45,"column":20},"end":{"line":51,"column":21}},{"start":{"line":45,"column":20},"end":{"line":51,"column":21}}],"line":45},"9":{"loc":{"start":{"line":61,"column":32},"end":{"line":61,"column":79}},"type":"cond-expr","locations":[{"start":{"line":61,"column":49},"end":{"line":61,"column":68}},{"start":{"line":61,"column":71},"end":{"line":61,"column":79}}],"line":61},"10":{"loc":{"start":{"line":62,"column":36},"end":{"line":62,"column":93}},"type":"cond-expr","locations":[{"start":{"line":62,"column":65},"end":{"line":62,"column":88}},{"start":{"line":62,"column":91},"end":{"line":62,"column":93}}],"line":62},"11":{"loc":{"start":{"line":63,"column":35},"end":{"line":63,"column":89}},"type":"cond-expr","locations":[{"start":{"line":63,"column":63},"end":{"line":63,"column":85}},{"start":{"line":63,"column":88},"end":{"line":63,"column":89}}],"line":63},"12":{"loc":{"start":{"line":85,"column":8},"end":{"line":170,"column":9}},"type":"if","locations":[{"start":{"line":85,"column":8},"end":{"line":170,"column":9}},{"start":{"line":85,"column":8},"end":{"line":170,"column":9}}],"line":85},"13":{"loc":{"start":{"line":90,"column":20},"end":{"line":93,"column":21}},"type":"if","locations":[{"start":{"line":90,"column":20},"end":{"line":93,"column":21}},{"start":{"line":90,"column":20},"end":{"line":93,"column":21}}],"line":90},"14":{"loc":{"start":{"line":94,"column":20},"end":{"line":161,"column":21}},"type":"if","locations":[{"start":{"line":94,"column":20},"end":{"line":161,"column":21}},{"start":{"line":94,"column":20},"end":{"line":161,"column":21}}],"line":94},"15":{"loc":{"start":{"line":113,"column":32},"end":{"line":116,"column":33}},"type":"if","locations":[{"start":{"line":113,"column":32},"end":{"line":116,"column":33}},{"start":{"line":113,"column":32},"end":{"line":116,"column":33}}],"line":113},"16":{"loc":{"start":{"line":117,"column":32},"end":{"line":159,"column":33}},"type":"if","locations":[{"start":{"line":117,"column":32},"end":{"line":159,"column":33}},{"start":{"line":117,"column":32},"end":{"line":159,"column":33}}],"line":117},"17":{"loc":{"start":{"line":122,"column":40},"end":{"line":125,"column":41}},"type":"if","locations":[{"start":{"line":122,"column":40},"end":{"line":125,"column":41}},{"start":{"line":122,"column":40},"end":{"line":125,"column":41}}],"line":122},"18":{"loc":{"start":{"line":126,"column":40},"end":{"line":157,"column":41}},"type":"if","locations":[{"start":{"line":126,"column":40},"end":{"line":157,"column":41}},{"start":{"line":126,"column":40},"end":{"line":157,"column":41}}],"line":126},"19":{"loc":{"start":{"line":139,"column":48},"end":{"line":141,"column":49}},"type":"if","locations":[{"start":{"line":139,"column":48},"end":{"line":141,"column":49}},{"start":{"line":139,"column":48},"end":{"line":141,"column":49}}],"line":139},"20":{"loc":{"start":{"line":142,"column":48},"end":{"line":154,"column":49}},"type":"if","locations":[{"start":{"line":142,"column":48},"end":{"line":154,"column":49}},{"start":{"line":142,"column":48},"end":{"line":154,"column":49}}],"line":142},"21":{"loc":{"start":{"line":146,"column":56},"end":{"line":150,"column":57}},"type":"if","locations":[{"start":{"line":146,"column":56},"end":{"line":150,"column":57}},{"start":{"line":146,"column":56},"end":{"line":150,"column":57}}],"line":146}},"s":{"0":1,"1":1,"2":1,"3":1,"4":1,"5":1,"6":1,"7":1,"8":1,"9":0,"10":0,"11":0,"12":0,"13":0,"14":0,"15":0,"16":0,"17":0,"18":0,"19":0,"20":0,"21":0,"22":0,"23":0,"24":0,"25":0,"26":0,"27":0,"28":0,"29":0,"30":0,"31":0,"32":0,"33":0,"34":0,"35":0,"36":0,"37":0,"38":0,"39":0,"40":0,"41":0,"42":0,"43":0,"44":0,"45":1,"46":0,"47":0,"48":0,"49":0,"50":0,"51":0,"52":0,"53":0,"54":0,"55":0,"56":0,"57":0,"58":0,"59":0,"60":0,"61":0,"62":0,"63":0,"64":0,"65":0,"66":0,"67":0,"68":0,"69":0,"70":0,"71":0,"72":0,"73":0,"74":0,"75":0,"76":0,"77":0,"78":0,"79":0,"80":0,"81":0,"82":0,"83":0,"84":0,"85":0,"86":0,"87":0,"88":0},"f":{"0":0,"1":0,"2":0,"3":0,"4":0,"5":0,"6":0,"7":0,"8":0},"b":{"0":[0,0],"1":[0,0],"2":[0,0],"3":[0,0],"4":[0,0],"5":[0,0],"6":[0,0],"7":[0,0],"8":[0,0],"9":[0,0],"10":[0,0],"11":[0,0],"12":[0,0],"13":[0,0],"14":[0,0],"15":[0,0],"16":[0,0],"17":[0,0],"18":[0,0],"19":[0,0],"20":[0,0],"21":[0,0]},"_coverageSchema":"1a1c01bbd47fc00a2c39e90264f33305004495a9","hash":"56e5f7f97e7af1b023a88b19e154adf2b23ef431"}
,"/home/tong/Desktop/API/API/App_LTT_API/controllers/dashboard.js": {"path":"/home/tong/Desktop/API/API/App_LTT_API/controllers/dashboard.js","statementMap":{"0":{"start":{"line":2,"column":15},"end":{"line":2,"column":49}},"1":{"start":{"line":4,"column":11},"end":{"line":5,"column":30}},"2":{"start":{"line":6,"column":15},"end":{"line":6,"column":46}},"3":{"start":{"line":7,"column":25},"end":{"line":7,"column":56}},"4":{"start":{"line":8,"column":15},"end":{"line":8,"column":34}},"5":{"start":{"line":11,"column":0},"end":{"line":67,"column":1}},"6":{"start":{"line":12,"column":4},"end":{"line":12,"column":19}},"7":{"start":{"line":13,"column":4},"end":{"line":13,"column":18}},"8":{"start":{"line":14,"column":23},"end":{"line":14,"column":44}},"9":{"start":{"line":15,"column":23},"end":{"line":15,"column":44}},"10":{"start":{"line":16,"column":4},"end":{"line":27,"column":13}},"11":{"start":{"line":28,"column":4},"end":{"line":65,"column":6}},"12":{"start":{"line":29,"column":8},"end":{"line":63,"column":9}},"13":{"start":{"line":30,"column":12},"end":{"line":56,"column":13}},"14":{"start":{"line":31,"column":16},"end":{"line":34,"column":17}},"15":{"start":{"line":32,"column":20},"end":{"line":32,"column":39}},"16":{"start":{"line":33,"column":20},"end":{"line":33,"column":61}},"17":{"start":{"line":35,"column":16},"end":{"line":54,"column":17}},"18":{"start":{"line":36,"column":20},"end":{"line":36,"column":61}},"19":{"start":{"line":39,"column":20},"end":{"line":41,"column":21}},"20":{"start":{"line":39,"column":33},"end":{"line":39,"column":34}},"21":{"start":{"line":40,"column":24},"end":{"line":40,"column":64}},"22":{"start":{"line":42,"column":20},"end":{"line":52,"column":23}},"23":{"start":{"line":57,"column":12},"end":{"line":57,"column":18}},"24":{"start":{"line":61,"column":12},"end":{"line":61,"column":30}},"25":{"start":{"line":62,"column":12},"end":{"line":62,"column":56}},"26":{"start":{"line":69,"column":0},"end":{"line":131,"column":1}},"27":{"start":{"line":70,"column":4},"end":{"line":70,"column":19}},"28":{"start":{"line":71,"column":4},"end":{"line":71,"column":18}},"29":{"start":{"line":72,"column":4},"end":{"line":72,"column":40}},"30":{"start":{"line":73,"column":4},"end":{"line":73,"column":38}},"31":{"start":{"line":75,"column":4},"end":{"line":90,"column":13}},"32":{"start":{"line":92,"column":4},"end":{"line":130,"column":6}},"33":{"start":{"line":93,"column":8},"end":{"line":128,"column":9}},"34":{"start":{"line":94,"column":12},"end":{"line":120,"column":13}},"35":{"start":{"line":95,"column":16},"end":{"line":98,"column":17}},"36":{"start":{"line":96,"column":20},"end":{"line":96,"column":39}},"37":{"start":{"line":97,"column":20},"end":{"line":97,"column":59}},"38":{"start":{"line":99,"column":16},"end":{"line":118,"column":17}},"39":{"start":{"line":100,"column":20},"end":{"line":100,"column":41}},"40":{"start":{"line":101,"column":20},"end":{"line":101,"column":61}},"41":{"start":{"line":104,"column":20},"end":{"line":106,"column":21}},"42":{"start":{"line":104,"column":33},"end":{"line":104,"column":34}},"43":{"start":{"line":105,"column":24},"end":{"line":105,"column":64}},"44":{"start":{"line":107,"column":20},"end":{"line":117,"column":23}},"45":{"start":{"line":121,"column":12},"end":{"line":121,"column":18}},"46":{"start":{"line":125,"column":12},"end":{"line":125,"column":30}},"47":{"start":{"line":126,"column":12},"end":{"line":126,"column":56}},"48":{"start":{"line":133,"column":0},"end":{"line":184,"column":1}},"49":{"start":{"line":134,"column":4},"end":{"line":134,"column":20}},"50":{"start":{"line":135,"column":4},"end":{"line":135,"column":19}},"51":{"start":{"line":136,"column":4},"end":{"line":136,"column":33}},"52":{"start":{"line":137,"column":4},"end":{"line":142,"column":42}},"53":{"start":{"line":144,"column":4},"end":{"line":183,"column":6}},"54":{"start":{"line":145,"column":8},"end":{"line":181,"column":9}},"55":{"start":{"line":146,"column":12},"end":{"line":174,"column":13}},"56":{"start":{"line":148,"column":16},"end":{"line":148,"column":22}},"57":{"start":{"line":150,"column":16},"end":{"line":153,"column":17}},"58":{"start":{"line":151,"column":20},"end":{"line":151,"column":39}},"59":{"start":{"line":152,"column":20},"end":{"line":152,"column":55}},"60":{"start":{"line":154,"column":16},"end":{"line":172,"column":17}},"61":{"start":{"line":155,"column":20},"end":{"line":155,"column":61}},"62":{"start":{"line":158,"column":20},"end":{"line":160,"column":21}},"63":{"start":{"line":158,"column":33},"end":{"line":158,"column":34}},"64":{"start":{"line":159,"column":24},"end":{"line":159,"column":60}},"65":{"start":{"line":161,"column":18},"end":{"line":171,"column":23}},"66":{"start":{"line":178,"column":12},"end":{"line":178,"column":30}},"67":{"start":{"line":179,"column":12},"end":{"line":179,"column":56}},"68":{"start":{"line":186,"column":0},"end":{"line":234,"column":2}},"69":{"start":{"line":187,"column":4},"end":{"line":187,"column":19}},"70":{"start":{"line":188,"column":4},"end":{"line":188,"column":33}},"71":{"start":{"line":189,"column":4},"end":{"line":194,"column":50}},"72":{"start":{"line":196,"column":4},"end":{"line":233,"column":6}},"73":{"start":{"line":197,"column":8},"end":{"line":232,"column":9}},"74":{"start":{"line":198,"column":12},"end":{"line":225,"column":13}},"75":{"start":{"line":200,"column":16},"end":{"line":200,"column":22}},"76":{"start":{"line":202,"column":16},"end":{"line":205,"column":17}},"77":{"start":{"line":203,"column":20},"end":{"line":203,"column":39}},"78":{"start":{"line":204,"column":20},"end":{"line":204,"column":55}},"79":{"start":{"line":206,"column":16},"end":{"line":223,"column":17}},"80":{"start":{"line":207,"column":20},"end":{"line":207,"column":61}},"81":{"start":{"line":210,"column":20},"end":{"line":212,"column":21}},"82":{"start":{"line":210,"column":33},"end":{"line":210,"column":34}},"83":{"start":{"line":211,"column":24},"end":{"line":211,"column":60}},"84":{"start":{"line":213,"column":20},"end":{"line":222,"column":23}},"85":{"start":{"line":229,"column":12},"end":{"line":229,"column":30}},"86":{"start":{"line":230,"column":12},"end":{"line":230,"column":56}},"87":{"start":{"line":236,"column":0},"end":{"line":310,"column":1}},"88":{"start":{"line":237,"column":0},"end":{"line":237,"column":17}},"89":{"start":{"line":238,"column":0},"end":{"line":238,"column":17}},"90":{"start":{"line":239,"column":0},"end":{"line":239,"column":17}},"91":{"start":{"line":241,"column":20},"end":{"line":241,"column":42}},"92":{"start":{"line":242,"column":20},"end":{"line":242,"column":41}},"93":{"start":{"line":244,"column":0},"end":{"line":309,"column":2}},"94":{"start":{"line":245,"column":4},"end":{"line":308,"column":5}},"95":{"start":{"line":248,"column":31},"end":{"line":252,"column":100}},"96":{"start":{"line":253,"column":8},"end":{"line":253,"column":47}},"97":{"start":{"line":254,"column":7},"end":{"line":254,"column":29}},"98":{"start":{"line":258,"column":33},"end":{"line":261,"column":101}},"99":{"start":{"line":262,"column":12},"end":{"line":262,"column":54}},"100":{"start":{"line":268,"column":29},"end":{"line":268,"column":33}},"101":{"start":{"line":269,"column":32},"end":{"line":279,"column":37}},"102":{"start":{"line":280,"column":8},"end":{"line":280,"column":53}},"103":{"start":{"line":295,"column":0},"end":{"line":295,"column":6}},"104":{"start":{"line":297,"column":4},"end":{"line":302,"column":10}},"105":{"start":{"line":306,"column":8},"end":{"line":306,"column":26}},"106":{"start":{"line":307,"column":8},"end":{"line":307,"column":52}},"107":{"start":{"line":312,"column":0},"end":{"line":369,"column":1}},"108":{"start":{"line":314,"column":4},"end":{"line":314,"column":19}},"109":{"start":{"line":315,"column":4},"end":{"line":315,"column":19}},"110":{"start":{"line":316,"column":4},"end":{"line":316,"column":34}},"111":{"start":{"line":317,"column":4},"end":{"line":317,"column":40}},"112":{"start":{"line":318,"column":4},"end":{"line":318,"column":39}},"113":{"start":{"line":320,"column":4},"end":{"line":329,"column":66}},"114":{"start":{"line":331,"column":4},"end":{"line":368,"column":6}},"115":{"start":{"line":332,"column":8},"end":{"line":366,"column":9}},"116":{"start":{"line":333,"column":12},"end":{"line":358,"column":13}},"117":{"start":{"line":334,"column":16},"end":{"line":337,"column":17}},"118":{"start":{"line":335,"column":20},"end":{"line":335,"column":39}},"119":{"start":{"line":336,"column":20},"end":{"line":336,"column":55}},"120":{"start":{"line":338,"column":16},"end":{"line":356,"column":17}},"121":{"start":{"line":339,"column":20},"end":{"line":339,"column":61}},"122":{"start":{"line":342,"column":21},"end":{"line":342,"column":49}},"123":{"start":{"line":343,"column":21},"end":{"line":345,"column":21}},"124":{"start":{"line":343,"column":34},"end":{"line":343,"column":35}},"125":{"start":{"line":344,"column":24},"end":{"line":344,"column":74}},"126":{"start":{"line":346,"column":20},"end":{"line":355,"column":23}},"127":{"start":{"line":359,"column":12},"end":{"line":359,"column":18}},"128":{"start":{"line":363,"column":12},"end":{"line":363,"column":30}},"129":{"start":{"line":364,"column":12},"end":{"line":364,"column":56}}},"fnMap":{"0":{"name":"(anonymous_0)","decl":{"start":{"line":11,"column":19},"end":{"line":11,"column":20}},"loc":{"start":{"line":11,"column":33},"end":{"line":67,"column":1}},"line":11},"1":{"name":"(anonymous_1)","decl":{"start":{"line":28,"column":15},"end":{"line":28,"column":16}},"loc":{"start":{"line":28,"column":38},"end":{"line":65,"column":5}},"line":28},"2":{"name":"(anonymous_2)","decl":{"start":{"line":30,"column":56},"end":{"line":30,"column":57}},"loc":{"start":{"line":30,"column":76},"end":{"line":55,"column":13}},"line":30},"3":{"name":"(anonymous_3)","decl":{"start":{"line":69,"column":25},"end":{"line":69,"column":26}},"loc":{"start":{"line":69,"column":39},"end":{"line":131,"column":1}},"line":69},"4":{"name":"(anonymous_4)","decl":{"start":{"line":92,"column":15},"end":{"line":92,"column":16}},"loc":{"start":{"line":92,"column":38},"end":{"line":130,"column":5}},"line":92},"5":{"name":"(anonymous_5)","decl":{"start":{"line":94,"column":57},"end":{"line":94,"column":58}},"loc":{"start":{"line":94,"column":77},"end":{"line":119,"column":13}},"line":94},"6":{"name":"(anonymous_6)","decl":{"start":{"line":133,"column":25},"end":{"line":133,"column":26}},"loc":{"start":{"line":133,"column":39},"end":{"line":184,"column":1}},"line":133},"7":{"name":"(anonymous_7)","decl":{"start":{"line":144,"column":15},"end":{"line":144,"column":16}},"loc":{"start":{"line":144,"column":38},"end":{"line":183,"column":5}},"line":144},"8":{"name":"(anonymous_8)","decl":{"start":{"line":146,"column":41},"end":{"line":146,"column":42}},"loc":{"start":{"line":146,"column":61},"end":{"line":173,"column":13}},"line":146},"9":{"name":"(anonymous_9)","decl":{"start":{"line":186,"column":31},"end":{"line":186,"column":32}},"loc":{"start":{"line":186,"column":45},"end":{"line":234,"column":1}},"line":186},"10":{"name":"(anonymous_10)","decl":{"start":{"line":196,"column":15},"end":{"line":196,"column":16}},"loc":{"start":{"line":196,"column":38},"end":{"line":233,"column":5}},"line":196},"11":{"name":"(anonymous_11)","decl":{"start":{"line":198,"column":41},"end":{"line":198,"column":42}},"loc":{"start":{"line":198,"column":61},"end":{"line":224,"column":13}},"line":198},"12":{"name":"(anonymous_12)","decl":{"start":{"line":236,"column":14},"end":{"line":236,"column":15}},"loc":{"start":{"line":236,"column":34},"end":{"line":310,"column":1}},"line":236},"13":{"name":"(anonymous_13)","decl":{"start":{"line":244,"column":17},"end":{"line":244,"column":18}},"loc":{"start":{"line":244,"column":45},"end":{"line":309,"column":1}},"line":244},"14":{"name":"(anonymous_14)","decl":{"start":{"line":312,"column":32},"end":{"line":312,"column":33}},"loc":{"start":{"line":312,"column":46},"end":{"line":369,"column":1}},"line":312},"15":{"name":"(anonymous_15)","decl":{"start":{"line":331,"column":15},"end":{"line":331,"column":16}},"loc":{"start":{"line":331,"column":38},"end":{"line":368,"column":5}},"line":331},"16":{"name":"(anonymous_16)","decl":{"start":{"line":333,"column":64},"end":{"line":333,"column":65}},"loc":{"start":{"line":333,"column":84},"end":{"line":357,"column":13}},"line":333}},"branchMap":{"0":{"loc":{"start":{"line":29,"column":8},"end":{"line":63,"column":9}},"type":"if","locations":[{"start":{"line":29,"column":8},"end":{"line":63,"column":9}},{"start":{"line":29,"column":8},"end":{"line":63,"column":9}}],"line":29},"1":{"loc":{"start":{"line":31,"column":16},"end":{"line":34,"column":17}},"type":"if","locations":[{"start":{"line":31,"column":16},"end":{"line":34,"column":17}},{"start":{"line":31,"column":16},"end":{"line":34,"column":17}}],"line":31},"2":{"loc":{"start":{"line":35,"column":16},"end":{"line":54,"column":17}},"type":"if","locations":[{"start":{"line":35,"column":16},"end":{"line":54,"column":17}},{"start":{"line":35,"column":16},"end":{"line":54,"column":17}}],"line":35},"3":{"loc":{"start":{"line":93,"column":8},"end":{"line":128,"column":9}},"type":"if","locations":[{"start":{"line":93,"column":8},"end":{"line":128,"column":9}},{"start":{"line":93,"column":8},"end":{"line":128,"column":9}}],"line":93},"4":{"loc":{"start":{"line":95,"column":16},"end":{"line":98,"column":17}},"type":"if","locations":[{"start":{"line":95,"column":16},"end":{"line":98,"column":17}},{"start":{"line":95,"column":16},"end":{"line":98,"column":17}}],"line":95},"5":{"loc":{"start":{"line":99,"column":16},"end":{"line":118,"column":17}},"type":"if","locations":[{"start":{"line":99,"column":16},"end":{"line":118,"column":17}},{"start":{"line":99,"column":16},"end":{"line":118,"column":17}}],"line":99},"6":{"loc":{"start":{"line":145,"column":8},"end":{"line":181,"column":9}},"type":"if","locations":[{"start":{"line":145,"column":8},"end":{"line":181,"column":9}},{"start":{"line":145,"column":8},"end":{"line":181,"column":9}}],"line":145},"7":{"loc":{"start":{"line":150,"column":16},"end":{"line":153,"column":17}},"type":"if","locations":[{"start":{"line":150,"column":16},"end":{"line":153,"column":17}},{"start":{"line":150,"column":16},"end":{"line":153,"column":17}}],"line":150},"8":{"loc":{"start":{"line":154,"column":16},"end":{"line":172,"column":17}},"type":"if","locations":[{"start":{"line":154,"column":16},"end":{"line":172,"column":17}},{"start":{"line":154,"column":16},"end":{"line":172,"column":17}}],"line":154},"9":{"loc":{"start":{"line":197,"column":8},"end":{"line":232,"column":9}},"type":"if","locations":[{"start":{"line":197,"column":8},"end":{"line":232,"column":9}},{"start":{"line":197,"column":8},"end":{"line":232,"column":9}}],"line":197},"10":{"loc":{"start":{"line":202,"column":16},"end":{"line":205,"column":17}},"type":"if","locations":[{"start":{"line":202,"column":16},"end":{"line":205,"column":17}},{"start":{"line":202,"column":16},"end":{"line":205,"column":17}}],"line":202},"11":{"loc":{"start":{"line":206,"column":16},"end":{"line":223,"column":17}},"type":"if","locations":[{"start":{"line":206,"column":16},"end":{"line":223,"column":17}},{"start":{"line":206,"column":16},"end":{"line":223,"column":17}}],"line":206},"12":{"loc":{"start":{"line":245,"column":4},"end":{"line":308,"column":5}},"type":"if","locations":[{"start":{"line":245,"column":4},"end":{"line":308,"column":5}},{"start":{"line":245,"column":4},"end":{"line":308,"column":5}}],"line":245},"13":{"loc":{"start":{"line":332,"column":8},"end":{"line":366,"column":9}},"type":"if","locations":[{"start":{"line":332,"column":8},"end":{"line":366,"column":9}},{"start":{"line":332,"column":8},"end":{"line":366,"column":9}}],"line":332},"14":{"loc":{"start":{"line":334,"column":16},"end":{"line":337,"column":17}},"type":"if","locations":[{"start":{"line":334,"column":16},"end":{"line":337,"column":17}},{"start":{"line":334,"column":16},"end":{"line":337,"column":17}}],"line":334},"15":{"loc":{"start":{"line":338,"column":16},"end":{"line":356,"column":17}},"type":"if","locations":[{"start":{"line":338,"column":16},"end":{"line":356,"column":17}},{"start":{"line":338,"column":16},"end":{"line":356,"column":17}}],"line":338}},"s":{"0":1,"1":1,"2":1,"3":1,"4":1,"5":1,"6":0,"7":0,"8":0,"9":0,"10":0,"11":0,"12":0,"13":0,"14":0,"15":0,"16":0,"17":0,"18":0,"19":0,"20":0,"21":0,"22":0,"23":0,"24":0,"25":0,"26":1,"27":0,"28":0,"29":0,"30":0,"31":0,"32":0,"33":0,"34":0,"35":0,"36":0,"37":0,"38":0,"39":0,"40":0,"41":0,"42":0,"43":0,"44":0,"45":0,"46":0,"47":0,"48":1,"49":0,"50":0,"51":0,"52":0,"53":0,"54":0,"55":0,"56":0,"57":0,"58":0,"59":0,"60":0,"61":0,"62":0,"63":0,"64":0,"65":0,"66":0,"67":0,"68":1,"69":0,"70":0,"71":0,"72":0,"73":0,"74":0,"75":0,"76":0,"77":0,"78":0,"79":0,"80":0,"81":0,"82":0,"83":0,"84":0,"85":0,"86":0,"87":1,"88":0,"89":0,"90":0,"91":0,"92":0,"93":0,"94":0,"95":0,"96":0,"97":0,"98":0,"99":0,"100":0,"101":0,"102":0,"103":0,"104":0,"105":0,"106":0,"107":1,"108":0,"109":0,"110":0,"111":0,"112":0,"113":0,"114":0,"115":0,"116":0,"117":0,"118":0,"119":0,"120":0,"121":0,"122":0,"123":0,"124":0,"125":0,"126":0,"127":0,"128":0,"129":0},"f":{"0":0,"1":0,"2":0,"3":0,"4":0,"5":0,"6":0,"7":0,"8":0,"9":0,"10":0,"11":0,"12":0,"13":0,"14":0,"15":0,"16":0},"b":{"0":[0,0],"1":[0,0],"2":[0,0],"3":[0,0],"4":[0,0],"5":[0,0],"6":[0,0],"7":[0,0],"8":[0,0],"9":[0,0],"10":[0,0],"11":[0,0],"12":[0,0],"13":[0,0],"14":[0,0],"15":[0,0]},"_coverageSchema":"1a1c01bbd47fc00a2c39e90264f33305004495a9","hash":"03737e2b34b120bc49ff59cbf1cd1c50ab61e0bb"}
,"/home/tong/Desktop/API/API/App_LTT_API/controllers/peiod.controller.js": {"path":"/home/tong/Desktop/API/API/App_LTT_API/controllers/peiod.controller.js","statementMap":{"0":{"start":{"line":2,"column":19},"end":{"line":2,"column":53}},"1":{"start":{"line":3,"column":15},"end":{"line":3,"column":46}},"2":{"start":{"line":4,"column":10},"end":{"line":4,"column":12}},"3":{"start":{"line":6,"column":17},"end":{"line":6,"column":19}},"4":{"start":{"line":7,"column":0},"end":{"line":43,"column":1}},"5":{"start":{"line":9,"column":5},"end":{"line":9,"column":39}},"6":{"start":{"line":11,"column":4},"end":{"line":13,"column":59}},"7":{"start":{"line":15,"column":4},"end":{"line":41,"column":6}},"8":{"start":{"line":16,"column":8},"end":{"line":39,"column":9}},"9":{"start":{"line":17,"column":12},"end":{"line":37,"column":14}},"10":{"start":{"line":18,"column":16},"end":{"line":21,"column":17}},"11":{"start":{"line":19,"column":20},"end":{"line":19,"column":39}},"12":{"start":{"line":20,"column":20},"end":{"line":20,"column":64}},"13":{"start":{"line":23,"column":16},"end":{"line":36,"column":17}},"14":{"start":{"line":24,"column":20},"end":{"line":24,"column":47}},"15":{"start":{"line":27,"column":20},"end":{"line":35,"column":22}},"16":{"start":{"line":38,"column":12},"end":{"line":38,"column":19}},"17":{"start":{"line":44,"column":0},"end":{"line":84,"column":1}},"18":{"start":{"line":45,"column":0},"end":{"line":45,"column":34}},"19":{"start":{"line":46,"column":0},"end":{"line":53,"column":43}},"20":{"start":{"line":54,"column":0},"end":{"line":83,"column":2}},"21":{"start":{"line":55,"column":4},"end":{"line":82,"column":5}},"22":{"start":{"line":56,"column":8},"end":{"line":77,"column":10}},"23":{"start":{"line":57,"column":12},"end":{"line":60,"column":13}},"24":{"start":{"line":58,"column":16},"end":{"line":58,"column":41}},"25":{"start":{"line":59,"column":16},"end":{"line":59,"column":65}},"26":{"start":{"line":61,"column":12},"end":{"line":76,"column":13}},"27":{"start":{"line":62,"column":16},"end":{"line":62,"column":67}},"28":{"start":{"line":65,"column":16},"end":{"line":75,"column":18}},"29":{"start":{"line":78,"column":8},"end":{"line":78,"column":15}},"30":{"start":{"line":80,"column":8},"end":{"line":80,"column":25}},"31":{"start":{"line":81,"column":8},"end":{"line":81,"column":56}}},"fnMap":{"0":{"name":"(anonymous_0)","decl":{"start":{"line":7,"column":20},"end":{"line":7,"column":21}},"loc":{"start":{"line":7,"column":40},"end":{"line":43,"column":1}},"line":7},"1":{"name":"(anonymous_1)","decl":{"start":{"line":15,"column":29},"end":{"line":15,"column":30}},"loc":{"start":{"line":15,"column":52},"end":{"line":41,"column":5}},"line":15},"2":{"name":"(anonymous_2)","decl":{"start":{"line":17,"column":44},"end":{"line":17,"column":45}},"loc":{"start":{"line":17,"column":64},"end":{"line":37,"column":13}},"line":17},"3":{"name":"(anonymous_3)","decl":{"start":{"line":44,"column":22},"end":{"line":44,"column":23}},"loc":{"start":{"line":44,"column":42},"end":{"line":84,"column":1}},"line":44},"4":{"name":"(anonymous_4)","decl":{"start":{"line":54,"column":19},"end":{"line":54,"column":20}},"loc":{"start":{"line":54,"column":42},"end":{"line":83,"column":1}},"line":54},"5":{"name":"(anonymous_5)","decl":{"start":{"line":56,"column":40},"end":{"line":56,"column":41}},"loc":{"start":{"line":56,"column":60},"end":{"line":77,"column":9}},"line":56}},"branchMap":{"0":{"loc":{"start":{"line":16,"column":8},"end":{"line":39,"column":9}},"type":"if","locations":[{"start":{"line":16,"column":8},"end":{"line":39,"column":9}},{"start":{"line":16,"column":8},"end":{"line":39,"column":9}}],"line":16},"1":{"loc":{"start":{"line":18,"column":16},"end":{"line":21,"column":17}},"type":"if","locations":[{"start":{"line":18,"column":16},"end":{"line":21,"column":17}},{"start":{"line":18,"column":16},"end":{"line":21,"column":17}}],"line":18},"2":{"loc":{"start":{"line":23,"column":16},"end":{"line":36,"column":17}},"type":"if","locations":[{"start":{"line":23,"column":16},"end":{"line":36,"column":17}},{"start":{"line":23,"column":16},"end":{"line":36,"column":17}}],"line":23},"3":{"loc":{"start":{"line":55,"column":4},"end":{"line":82,"column":5}},"type":"if","locations":[{"start":{"line":55,"column":4},"end":{"line":82,"column":5}},{"start":{"line":55,"column":4},"end":{"line":82,"column":5}}],"line":55},"4":{"loc":{"start":{"line":57,"column":12},"end":{"line":60,"column":13}},"type":"if","locations":[{"start":{"line":57,"column":12},"end":{"line":60,"column":13}},{"start":{"line":57,"column":12},"end":{"line":60,"column":13}}],"line":57},"5":{"loc":{"start":{"line":61,"column":12},"end":{"line":76,"column":13}},"type":"if","locations":[{"start":{"line":61,"column":12},"end":{"line":76,"column":13}},{"start":{"line":61,"column":12},"end":{"line":76,"column":13}}],"line":61}},"s":{"0":1,"1":1,"2":1,"3":1,"4":1,"5":2,"6":2,"7":2,"8":2,"9":2,"10":2,"11":0,"12":0,"13":2,"14":2,"15":0,"16":2,"17":1,"18":0,"19":0,"20":0,"21":0,"22":0,"23":0,"24":0,"25":0,"26":0,"27":0,"28":0,"29":0,"30":0,"31":0},"f":{"0":2,"1":2,"2":2,"3":0,"4":0,"5":0},"b":{"0":[2,0],"1":[0,2],"2":[2,0],"3":[0,0],"4":[0,0],"5":[0,0]},"_coverageSchema":"1a1c01bbd47fc00a2c39e90264f33305004495a9","hash":"8bc725d271f0506246c4a9b58e3a91f5653d1a35"}
,"/home/tong/Desktop/API/API/App_LTT_API/controllers/salemanagement.controller.js": {"path":"/home/tong/Desktop/API/API/App_LTT_API/controllers/salemanagement.controller.js","statementMap":{"0":{"start":{"line":2,"column":11},"end":{"line":2,"column":42}},"1":{"start":{"line":3,"column":11},"end":{"line":3,"column":45}},"2":{"start":{"line":4,"column":10},"end":{"line":4,"column":12}},"3":{"start":{"line":5,"column":13},"end":{"line":5,"column":42}},"4":{"start":{"line":6,"column":23},"end":{"line":6,"column":38}},"5":{"start":{"line":7,"column":15},"end":{"line":7,"column":46}},"6":{"start":{"line":8,"column":15},"end":{"line":8,"column":35}},"7":{"start":{"line":9,"column":17},"end":{"line":9,"column":30}},"8":{"start":{"line":10,"column":19},"end":{"line":10,"column":39}},"9":{"start":{"line":11,"column":17},"end":{"line":11,"column":48}},"10":{"start":{"line":12,"column":13},"end":{"line":12,"column":23}},"11":{"start":{"line":14,"column":0},"end":{"line":452,"column":1}},"12":{"start":{"line":16,"column":25},"end":{"line":16,"column":46}},"13":{"start":{"line":17,"column":23},"end":{"line":17,"column":44}},"14":{"start":{"line":18,"column":25},"end":{"line":18,"column":48}},"15":{"start":{"line":19,"column":28},"end":{"line":19,"column":30}},"16":{"start":{"line":20,"column":4},"end":{"line":20,"column":32}},"17":{"start":{"line":21,"column":19},"end":{"line":21,"column":21}},"18":{"start":{"line":22,"column":20},"end":{"line":22,"column":28}},"19":{"start":{"line":23,"column":15},"end":{"line":23,"column":16}},"20":{"start":{"line":23,"column":25},"end":{"line":23,"column":26}},"21":{"start":{"line":23,"column":35},"end":{"line":23,"column":36}},"22":{"start":{"line":23,"column":45},"end":{"line":23,"column":46}},"23":{"start":{"line":23,"column":55},"end":{"line":23,"column":56}},"24":{"start":{"line":23,"column":65},"end":{"line":23,"column":66}},"25":{"start":{"line":23,"column":77},"end":{"line":23,"column":78}},"26":{"start":{"line":23,"column":89},"end":{"line":23,"column":90}},"27":{"start":{"line":23,"column":101},"end":{"line":23,"column":102}},"28":{"start":{"line":23,"column":113},"end":{"line":23,"column":114}},"29":{"start":{"line":23,"column":125},"end":{"line":23,"column":126}},"30":{"start":{"line":23,"column":137},"end":{"line":23,"column":138}},"31":{"start":{"line":25,"column":4},"end":{"line":450,"column":5}},"32":{"start":{"line":27,"column":8},"end":{"line":443,"column":10}},"33":{"start":{"line":28,"column":12},"end":{"line":441,"column":13}},"34":{"start":{"line":30,"column":43},"end":{"line":30,"column":45}},"35":{"start":{"line":31,"column":36},"end":{"line":31,"column":38}},"36":{"start":{"line":33,"column":38},"end":{"line":33,"column":121}},"37":{"start":{"line":34,"column":16},"end":{"line":34,"column":97}},"38":{"start":{"line":34,"column":47},"end":{"line":34,"column":97}},"39":{"start":{"line":36,"column":16},"end":{"line":437,"column":17}},"40":{"start":{"line":38,"column":44},"end":{"line":38,"column":46}},"41":{"start":{"line":39,"column":43},"end":{"line":39,"column":45}},"42":{"start":{"line":40,"column":34},"end":{"line":40,"column":36}},"43":{"start":{"line":42,"column":32},"end":{"line":42,"column":42}},"44":{"start":{"line":43,"column":20},"end":{"line":43,"column":167}},"45":{"start":{"line":45,"column":20},"end":{"line":49,"column":21}},"46":{"start":{"line":45,"column":33},"end":{"line":45,"column":34}},"47":{"start":{"line":46,"column":24},"end":{"line":46,"column":91}},"48":{"start":{"line":47,"column":24},"end":{"line":47,"column":89}},"49":{"start":{"line":48,"column":24},"end":{"line":48,"column":93}},"50":{"start":{"line":51,"column":39},"end":{"line":51,"column":57}},"51":{"start":{"line":54,"column":20},"end":{"line":57,"column":52}},"52":{"start":{"line":59,"column":38},"end":{"line":59,"column":40}},"53":{"start":{"line":60,"column":41},"end":{"line":60,"column":74}},"54":{"start":{"line":62,"column":20},"end":{"line":64,"column":21}},"55":{"start":{"line":63,"column":24},"end":{"line":63,"column":63}},"56":{"start":{"line":66,"column":38},"end":{"line":66,"column":137}},"57":{"start":{"line":68,"column":20},"end":{"line":93,"column":21}},"58":{"start":{"line":68,"column":33},"end":{"line":68,"column":34}},"59":{"start":{"line":69,"column":24},"end":{"line":92,"column":25}},"60":{"start":{"line":70,"column":28},"end":{"line":70,"column":36}},"61":{"start":{"line":71,"column":28},"end":{"line":71,"column":65}},"62":{"start":{"line":73,"column":29},"end":{"line":92,"column":25}},"63":{"start":{"line":74,"column":28},"end":{"line":74,"column":36}},"64":{"start":{"line":75,"column":28},"end":{"line":75,"column":65}},"65":{"start":{"line":77,"column":29},"end":{"line":92,"column":25}},"66":{"start":{"line":78,"column":28},"end":{"line":78,"column":36}},"67":{"start":{"line":79,"column":28},"end":{"line":79,"column":65}},"68":{"start":{"line":81,"column":29},"end":{"line":92,"column":25}},"69":{"start":{"line":82,"column":28},"end":{"line":82,"column":36}},"70":{"start":{"line":83,"column":28},"end":{"line":83,"column":65}},"71":{"start":{"line":85,"column":29},"end":{"line":92,"column":25}},"72":{"start":{"line":86,"column":28},"end":{"line":86,"column":36}},"73":{"start":{"line":87,"column":28},"end":{"line":87,"column":65}},"74":{"start":{"line":89,"column":29},"end":{"line":92,"column":25}},"75":{"start":{"line":90,"column":28},"end":{"line":90,"column":36}},"76":{"start":{"line":91,"column":28},"end":{"line":91,"column":65}},"77":{"start":{"line":95,"column":32},"end":{"line":95,"column":33}},"78":{"start":{"line":96,"column":32},"end":{"line":96,"column":33}},"79":{"start":{"line":97,"column":35},"end":{"line":97,"column":37}},"80":{"start":{"line":98,"column":32},"end":{"line":98,"column":34}},"81":{"start":{"line":101,"column":20},"end":{"line":287,"column":21}},"82":{"start":{"line":103,"column":24},"end":{"line":223,"column":25}},"83":{"start":{"line":103,"column":37},"end":{"line":103,"column":38}},"84":{"start":{"line":105,"column":28},"end":{"line":105,"column":70}},"85":{"start":{"line":107,"column":28},"end":{"line":218,"column":29}},"86":{"start":{"line":107,"column":41},"end":{"line":107,"column":42}},"87":{"start":{"line":109,"column":32},"end":{"line":216,"column":33}},"88":{"start":{"line":110,"column":36},"end":{"line":110,"column":74}},"89":{"start":{"line":111,"column":36},"end":{"line":111,"column":81}},"90":{"start":{"line":112,"column":36},"end":{"line":116,"column":37}},"91":{"start":{"line":113,"column":40},"end":{"line":113,"column":87}},"92":{"start":{"line":115,"column":40},"end":{"line":115,"column":53}},"93":{"start":{"line":119,"column":37},"end":{"line":216,"column":33}},"94":{"start":{"line":120,"column":36},"end":{"line":120,"column":74}},"95":{"start":{"line":121,"column":36},"end":{"line":121,"column":81}},"96":{"start":{"line":122,"column":36},"end":{"line":126,"column":37}},"97":{"start":{"line":123,"column":40},"end":{"line":123,"column":87}},"98":{"start":{"line":125,"column":40},"end":{"line":125,"column":53}},"99":{"start":{"line":129,"column":37},"end":{"line":216,"column":33}},"100":{"start":{"line":130,"column":36},"end":{"line":130,"column":74}},"101":{"start":{"line":131,"column":36},"end":{"line":131,"column":81}},"102":{"start":{"line":132,"column":36},"end":{"line":136,"column":37}},"103":{"start":{"line":133,"column":40},"end":{"line":133,"column":87}},"104":{"start":{"line":135,"column":40},"end":{"line":135,"column":53}},"105":{"start":{"line":139,"column":37},"end":{"line":216,"column":33}},"106":{"start":{"line":140,"column":36},"end":{"line":140,"column":74}},"107":{"start":{"line":141,"column":36},"end":{"line":141,"column":81}},"108":{"start":{"line":142,"column":36},"end":{"line":146,"column":37}},"109":{"start":{"line":143,"column":40},"end":{"line":143,"column":87}},"110":{"start":{"line":145,"column":40},"end":{"line":145,"column":53}},"111":{"start":{"line":149,"column":37},"end":{"line":216,"column":33}},"112":{"start":{"line":150,"column":36},"end":{"line":150,"column":74}},"113":{"start":{"line":151,"column":36},"end":{"line":151,"column":81}},"114":{"start":{"line":152,"column":36},"end":{"line":156,"column":37}},"115":{"start":{"line":153,"column":40},"end":{"line":153,"column":87}},"116":{"start":{"line":155,"column":40},"end":{"line":155,"column":53}},"117":{"start":{"line":159,"column":37},"end":{"line":216,"column":33}},"118":{"start":{"line":160,"column":36},"end":{"line":160,"column":74}},"119":{"start":{"line":161,"column":36},"end":{"line":161,"column":81}},"120":{"start":{"line":162,"column":36},"end":{"line":166,"column":37}},"121":{"start":{"line":163,"column":40},"end":{"line":163,"column":87}},"122":{"start":{"line":165,"column":40},"end":{"line":165,"column":53}},"123":{"start":{"line":170,"column":36},"end":{"line":170,"column":73}},"124":{"start":{"line":171,"column":36},"end":{"line":215,"column":37}},"125":{"start":{"line":173,"column":40},"end":{"line":177,"column":41}},"126":{"start":{"line":174,"column":44},"end":{"line":174,"column":91}},"127":{"start":{"line":176,"column":44},"end":{"line":176,"column":57}},"128":{"start":{"line":179,"column":41},"end":{"line":215,"column":37}},"129":{"start":{"line":181,"column":40},"end":{"line":185,"column":41}},"1
[...]
"type":"if","locations":[{"start":{"line":330,"column":24},"end":{"line":336,"column":25}},{"start":{"line":330,"column":24},"end":{"line":336,"column":25}}],"line":330},"63":{"loc":{"start":{"line":344,"column":20},"end":{"line":432,"column":21}},"type":"if","locations":[{"start":{"line":344,"column":20},"end":{"line":432,"column":21}},{"start":{"line":344,"column":20},"end":{"line":432,"column":21}}],"line":344},"64":{"loc":{"start":{"line":344,"column":24},"end":{"line":344,"column":69}},"type":"binary-expr","locations":[{"start":{"line":344,"column":24},"end":{"line":344,"column":28}},{"start":{"line":344,"column":32},"end":{"line":344,"column":69}}],"line":344},"65":{"loc":{"start":{"line":351,"column":24},"end":{"line":353,"column":25}},"type":"if","locations":[{"start":{"line":351,"column":24},"end":{"line":353,"column":25}},{"start":{"line":351,"column":24},"end":{"line":353,"column":25}}],"line":351},"66":{"loc":{"start":{"line":364,"column":24},"end":{"line":366,"column":25}},"type":"if","locations":[{"start":{"line":364,"column":24},"end":{"line":366,"column":25}},{"start":{"line":364,"column":24},"end":{"line":366,"column":25}}],"line":364},"67":{"loc":{"start":{"line":385,"column":36},"end":{"line":388,"column":37}},"type":"if","locations":[{"start":{"line":385,"column":36},"end":{"line":388,"column":37}},{"start":{"line":385,"column":36},"end":{"line":388,"column":37}}],"line":385},"68":{"loc":{"start":{"line":389,"column":36},"end":{"line":427,"column":37}},"type":"if","locations":[{"start":{"line":389,"column":36},"end":{"line":427,"column":37}},{"start":{"line":389,"column":36},"end":{"line":427,"column":37}}],"line":389},"69":{"loc":{"start":{"line":398,"column":44},"end":{"line":401,"column":45}},"type":"if","locations":[{"start":{"line":398,"column":44},"end":{"line":401,"column":45}},{"start":{"line":398,"column":44},"end":{"line":401,"column":45}}],"line":398},"70":{"loc":{"start":{"line":403,"column":44},"end":{"line":423,"column":45}},"type":"if","locations":[{"start":{"line":403,"column":44},"end":{"line":423,"column":45}},{"start":{"line":403,"column":44},"end":{"line":423,"column":45}}],"line":403},"71":{"loc":{"start":{"line":457,"column":8},"end":{"line":499,"column":9}},"type":"if","locations":[{"start":{"line":457,"column":8},"end":{"line":499,"column":9}},{"start":{"line":457,"column":8},"end":{"line":499,"column":9}}],"line":457},"72":{"loc":{"start":{"line":463,"column":16},"end":{"line":465,"column":17}},"type":"if","locations":[{"start":{"line":463,"column":16},"end":{"line":465,"column":17}},{"start":{"line":463,"column":16},"end":{"line":465,"column":17}}],"line":463},"73":{"loc":{"start":{"line":468,"column":16},"end":{"line":470,"column":17}},"type":"if","locations":[{"start":{"line":468,"column":16},"end":{"line":470,"column":17}},{"start":{"line":468,"column":16},"end":{"line":470,"column":17}}],"line":468},"74":{"loc":{"start":{"line":472,"column":20},"end":{"line":489,"column":21}},"type":"if","locations":[{"start":{"line":472,"column":20},"end":{"line":489,"column":21}},{"start":{"line":472,"column":20},"end":{"line":489,"column":21}}],"line":472},"75":{"loc":{"start":{"line":505,"column":8},"end":{"line":529,"column":9}},"type":"if","locations":[{"start":{"line":505,"column":8},"end":{"line":529,"column":9}},{"start":{"line":505,"column":8},"end":{"line":529,"column":9}}],"line":505},"76":{"loc":{"start":{"line":508,"column":20},"end":{"line":518,"column":21}},"type":"if","locations":[{"start":{"line":508,"column":20},"end":{"line":518,"column":21}},{"start":{"line":508,"column":20},"end":{"line":518,"column":21}}],"line":508},"77":{"loc":{"start":{"line":508,"column":24},"end":{"line":508,"column":54}},"type":"binary-expr","locations":[{"start":{"line":508,"column":24},"end":{"line":508,"column":30}},{"start":{"line":508,"column":34},"end":{"line":508,"column":54}}],"line":508},"78":{"loc":{"start":{"line":536,"column":8},"end":{"line":589,"column":9}},"type":"if","locations":[{"start":{"line":536,"column":8},"end":{"line":589,"column":9}},{"start":{"line":536,"column":8},"end":{"line":589,"column":9}}],"line":536},"79":{"loc":{"start":{"line":541,"column":16},"end":{"line":543,"column":17}},"type":"if","locations":[{"start":{"line":541,"column":16},"end":{"line":543,"column":17}},{"start":{"line":541,"column":16},"end":{"line":543,"column":17}}],"line":541},"80":{"loc":{"start":{"line":545,"column":16},"end":{"line":547,"column":17}},"type":"if","locations":[{"start":{"line":545,"column":16},"end":{"line":547,"column":17}},{"start":{"line":545,"column":16},"end":{"line":547,"column":17}}],"line":545},"81":{"loc":{"start":{"line":549,"column":16},"end":{"line":551,"column":17}},"type":"if","locations":[{"start":{"line":549,"column":16},"end":{"line":551,"column":17}},{"start":{"line":549,"column":16},"end":{"line":551,"column":17}}],"line":549},"82":{"loc":{"start":{"line":553,"column":16},"end":{"line":555,"column":17}},"type":"if","locations":[{"start":{"line":553,"column":16},"end":{"line":555,"column":17}},{"start":{"line":553,"column":16},"end":{"line":555,"column":17}}],"line":553},"83":{"loc":{"start":{"line":559,"column":16},"end":{"line":578,"column":17}},"type":"if","locations":[{"start":{"line":559,"column":16},"end":{"line":578,"column":17}},{"start":{"line":559,"column":16},"end":{"line":578,"column":17}}],"line":559},"84":{"loc":{"start":{"line":561,"column":20},"end":{"line":563,"column":21}},"type":"if","locations":[{"start":{"line":561,"column":20},"end":{"line":563,"column":21}},{"start":{"line":561,"column":20},"end":{"line":563,"column":21}}],"line":561},"85":{"loc":{"start":{"line":567,"column":20},"end":{"line":569,"column":21}},"type":"if","locations":[{"start":{"line":567,"column":20},"end":{"line":569,"column":21}},{"start":{"line":567,"column":20},"end":{"line":569,"column":21}}],"line":567},"86":{"loc":{"start":{"line":573,"column":20},"end":{"line":577,"column":21}},"type":"if","locations":[{"start":{"line":573,"column":20},"end":{"line":577,"column":21}},{"start":{"line":573,"column":20},"end":{"line":577,"column":21}}],"line":573},"87":{"loc":{"start":{"line":574,"column":24},"end":{"line":576,"column":25}},"type":"if","locations":[{"start":{"line":574,"column":24},"end":{"line":576,"column":25}},{"start":{"line":574,"column":24},"end":{"line":576,"column":25}}],"line":574},"88":{"loc":{"start":{"line":602,"column":8},"end":{"line":652,"column":9}},"type":"if","locations":[{"start":{"line":602,"column":8},"end":{"line":652,"column":9}},{"start":{"line":602,"column":8},"end":{"line":652,"column":9}}],"line":602},"89":{"loc":{"start":{"line":605,"column":16},"end":{"line":640,"column":17}},"type":"if","locations":[{"start":{"line":605,"column":16},"end":{"line":640,"column":17}},{"start":{"line":605,"column":16},"end":{"line":640,"column":17}}],"line":605},"90":{"loc":{"start":{"line":608,"column":20},"end":{"line":632,"column":21}},"type":"if","locations":[{"start":{"line":608,"column":20},"end":{"line":632,"column":21}},{"start":{"line":608,"column":20},"end":{"line":632,"column":21}}],"line":608},"91":{"loc":{"start":{"line":610,"column":24},"end":{"line":628,"column":25}},"type":"if","locations":[{"start":{"line":610,"column":24},"end":{"line":628,"column":25}},{"start":{"line":610,"column":24},"end":{"line":628,"column":25}}],"line":610},"92":{"loc":{"start":{"line":661,"column":8},"end":{"line":663,"column":9}},"type":"if","locations":[{"start":{"line":661,"column":8},"end":{"line":663,"column":9}},{"start":{"line":661,"column":8},"end":{"line":663,"column":9}}],"line":661}},"s":{"0":1,"1":1,"2":1,"3":1,"4":1,"5":1,"6":1,"7":1,"8":1,"9":1,"10":1,"11":1,"12":0,"13":0,"14":0,"15":0,"16":0,"17":0,"18":0,"19":0,"20":0,"21":0,"22":0,"23":0,"24":0,"25":0,"26":0,"27":0,"28":0,"29":0,"30":0,"31":0,"32":0,"33":0,"34":0,"35":0,"36":0,"37":0,"38":0,"39":0,"40":0,"41":0,"42":0,"43":0,"44":0,"45":0,"46":0,"47":0,"48":0,"49":0,"50":0,"51":0,"52":0,"53":0,"54":0,"55":0,"56":0,"57":0,"58":0,"59":0,"60":0,"61":0,"62":0,"63":0,"64":0,"65":0,"66":0,"67":0,"68":0,"69":0,"70":0,"71":0,"72":0,"73":0,"74":0,"75":0,"76":0,"77":0,"78":0,"79":0,"80":0,"81":0,"82":0,"83":0,"84":0,"85":0,"86":0,"87":0,"88":0,"89":0,"90":0,"91":0,"92":0,"93":0,"94":0,"95":0,"96":0,"97":0,"98":0,"99":0,"100":0,"101":0,"102":0,"103":0,"104":0,"105":0,"106":0,"107":0,"108":0,"109":0,"110":0,"111":0,"112":0,"113":0,"114":0,"115":0,"116":0,"117":0,"118":0,"119":0,"120":0,"121":0,"122":0,"123":0,"124":0,"125":0,"126":0,"127":0,"128":0,"129":0,"130":0,"131":0,"132":0,"133":0,"134":0,"135":0,"136":0,"137":0,"138":0,"139":0,"140":0,"141":0,"142":0,"143":0,"144":0,"145":0,"146":0,"147":0,"148":0,"149":0,"150":0,"151":0,"152":0,"153":0,"154":0,"155":0,"156":0,"157":0,"158":0,"159":0,"160":0,"161":0,"162":0,"163":0,"164":0,"165":0,"166":0,"167":0,"168":0,"169":0,"170":0,"171":0,"172":0,"173":0,"174":0,"175":0,"176":0,"177":0,"178":0,"179":0,"180":0,"181":0,"182":0,"183":0,"184":0,"185":0,"186":0,"187":0,"188":0,"189":0,"190":0,"191":0,"192":0,"193":0,"194":0,"195":0,"196":0,"197":0,"198":0,"199":0,"200":0,"201":0,"202":0,"203":0,"204":0,"205":0,"206":0,"207":0,"208":0,"209":0,"210":0,"211":0,"212":0,"213":0,"214":0,"215":0,"216":0,"217":0,"218":0,"219":0,"220":0,"221":0,"222":0,"223":0,"224":0,"225":0,"226":0,"227":0,"228":0,"229":0,"230":0,"231":0,"232":0,"233":0,"234":0,"235":0,"236":0,"237":0,"238":0,"239":0,"240":0,"241":0,"242":0,"243":0,"244":0,"245":0,"246":0,"247":0,"248":0,"249":0,"250":0,"251":0,"252":0,"253":1,"254":0,"255":0,"256":0,"257":0,"258":0,"259":0,"260":0,"261":0,"262":0,"263":0,"264":0,"265":0,"266":0,"267":0,"268":0,"269":0,"270":0,"271":0,"272":0,"273":0,"274":0,"275":1,"276":0,"277":0,"278":0,"279":0,"280":0,"281":0,"282":0,"283":0,"284":0,"285":0,"286":0,"287":0,"288":1,"289":0,"290":0,"291":0,"292":0,"293":0,"294":0,"295":0,"296":0,"297":0,"298":0,"299":0,"300":0,"301":0,"302":0,"303":0,"304":0,"305":0,"306":0,"307":0,"308":0,"309":0,"310":0,"311":0,"312":0,"313":0,"314":0,"315":0,"316":0,"317":0,"318":0,"319":0,"320":0,"321":0,"322":1,"323":0,"324":0,"325":0,"326":0,"327":0,"328":0,"329":0,"330":0,"331":0,"332":0,"333":0,"334":0,"335":0,"336":0,"337":0,"338":0,"339":0,"340":0,"341":0,"342":0,"343":0,"344":0,"345":0},"f":{"0":0,"1":0,"2":0,"3":0,"4":0,"5":0,"6":0,"7":0,"8":0,"9":0,"10":0,"11":0,"12":0,"13":0,"14":0,"15":0,"16":0},"b":{"0":[0,0],"1":[0,0],"2":[0,0],"3":[0,0,0],"4":[0,0],"5":[0,0],"6":[0,0],"7":[0,0],"8":[0,0],"9":[0,0],"10":[0,0],"11":[0,0],"12":[0,0],"13":[0,0],"14":[0,0],"15":[0,0],"16":[0,0],"17":[0,0],"18":[0,0],"19":[0,0],"20":[0,0],"21":[0,0],"22":[0,0],"23":[0,0],"24":[0,0],"25":[0,0],"26":[0,0],"27":[0,0],"28":[0,0],"29":[0,0],"30":[0,0],"31":[0,0],"32":[0,0],"33":[0,0],"34":[0,0],"35":[0,0],"36":[0,0],"37":[0,0],"38":[0,0],"39":[0,0],"40":[0,0],"41":[0,0],"42":[0,0],"43":[0,0],"44":[0,0],"45":[0,0],"46":[0,0],"47":[0,0],"48":[0,0],"49":[0,0],"50":[0,0],"51":[0,0],"52":[0,0],"53":[0,0],"54":[0,0],"55":[0,0],"56":[0,0],"57":[0,0],"58":[0,0],"59":[0,0,0],"60":[0,0],"61":[0,0,0],"62":[0,0],"63":[0,0],"64":[0,0],"65":[0,0],"66":[0,0],"67":[0,0],"68":[0,0],"69":[0,0],"70":[0,0],"71":[0,0],"72":[0,0],"73":[0,0],"74":[0,0],"75":[0,0],"76":[0,0],"77":[0,0],"78":[0,0],"79":[0,0],"80":[0,0],"81":[0,0],"82":[0,0],"83":[0,0],"84":[0,0],"85":[0,0],"86":[0,0],"87":[0,0],"88":[0,0],"89":[0,0],"90":[0,0],"91":[0,0],"92":[0,0]},"_coverageSchema":"1a1c01bbd47fc00a2c39e90264f33305004495a9","hash":"2b332b8c2acf5cff71f664851e736080873cf395"}
,"/home/tong/Desktop/API/API/App_LTT_API/getdate/datenow.js": {"path":"/home/tong/Desktop/API/API/App_LTT_API/getdate/datenow.js","statementMap":{"0":{"start":{"line":4,"column":16},"end":{"line":14,"column":1}},"1":{"start":{"line":5,"column":18},"end":{"line":5,"column":28}},"2":{"start":{"line":6,"column":16},"end":{"line":6,"column":51}},"3":{"start":{"line":7,"column":16},"end":{"line":7,"column":58}},"4":{"start":{"line":8,"column":15},"end":{"line":8,"column":36}},"5":{"start":{"line":9,"column":17},"end":{"line":9,"column":49}},"6":{"start":{"line":13,"column":4},"end":{"line":13,"column":15}},"7":{"start":{"line":15,"column":18},"end":{"line":19,"column":1}},"8":{"start":{"line":16,"column":14},"end":{"line":16,"column":24}},"9":{"start":{"line":17,"column":16},"end":{"line":17,"column":54}},"10":{"start":{"line":18,"column":4},"end":{"line":18,"column":16}},"11":{"start":{"line":20,"column":17},"end":{"line":24,"column":1}},"12":{"start":{"line":21,"column":14},"end":{"line":21,"column":24}},"13":{"start":{"line":22,"column":15},"end":{"line":22,"column":32}},"14":{"start":{"line":23,"column":4},"end":{"line":23,"column":15}},"15":{"start":{"line":25,"column":16},"end":{"line":31,"column":1}},"16":{"start":{"line":27,"column":16},"end":{"line":27,"column":26}},"17":{"start":{"line":28,"column":15},"end":{"line":28,"column":85}},"18":{"start":{"line":30,"column":4},"end":{"line":30,"column":15}},"19":{"start":{"line":33,"column":0},"end":{"line":33,"column":56}}},"fnMap":{"0":{"name":"(anonymous_0)","decl":{"start":{"line":4,"column":16},"end":{"line":4,"column":17}},"loc":{"start":{"line":4,"column":26},"end":{"line":14,"column":1}},"line":4},"1":{"name":"(anonymous_1)","decl":{"start":{"line":15,"column":18},"end":{"line":15,"column":19}},"loc":{"start":{"line":15,"column":29},"end":{"line":19,"column":1}},"line":15},"2":{"name":"(anonymous_2)","decl":{"start":{"line":20,"column":17},"end":{"line":20,"column":18}},"loc":{"start":{"line":20,"column":28},"end":{"line":24,"column":1}},"line":20},"3":{"name":"(anonymous_3)","decl":{"start":{"line":25,"column":16},"end":{"line":25,"column":17}},"loc":{"start":{"line":25,"column":26},"end":{"line":31,"column":1}},"line":25}},"branchMap":{},"s":{"0":1,"1":0,"2":0,"3":0,"4":0,"5":0,"6":0,"7":1,"8":0,"9":0,"10":0,"11":1,"12":0,"13":0,"14":0,"15":1,"16":0,"17":0,"18":0,"19":1},"f":{"0":0,"1":0,"2":0,"3":0},"b":{},"_coverageSchema":"1a1c01bbd47fc00a2c39e90264f33305004495a9","hash":"7514a03c81564f463430fb43039f9937fc4e9770"}
,"/home/tong/Desktop/API/API/App_LTT_API/models/account.model.js": {"path":"/home/tong/Desktop/API/API/App_LTT_API/models/account.model.js","statementMap":{"0":{"start":{"line":3,"column":11},"end":{"line":10,"column":1}},"1":{"start":{"line":12,"column":0},"end":{"line":12,"column":21}}},"fnMap":{},"branchMap":{},"s":{"0":1,"1":1},"f":{},"b":{},"_coverageSchema":"1a1c01bbd47fc00a2c39e90264f33305004495a9","hash":"2c918a503960565d6bd4b1833e8243d45c3bdc92"}
,"/home/tong/Desktop/API/API/App_LTT_API/models/bill.model.js": {"path":"/home/tong/Desktop/API/API/App_LTT_API/models/bill.model.js","statementMap":{"0":{"start":{"line":2,"column":14},"end":{"line":8,"column":1}},"1":{"start":{"line":9,"column":0},"end":{"line":9,"column":21}}},"fnMap":{},"branchMap":{},"s":{"0":1,"1":1},"f":{},"b":{},"_coverageSchema":"1a1c01bbd47fc00a2c39e90264f33305004495a9","hash":"6fd228798ae3111a028277ac8b53c8d48f90f5c6"}
,"/home/tong/Desktop/API/API/App_LTT_API/routes/HistorySalePeriod.js": {"path":"/home/tong/Desktop/API/API/App_LTT_API/routes/HistorySalePeriod.js","statementMap":{"0":{"start":{"line":1,"column":16},"end":{"line":1,"column":34}},"1":{"start":{"line":2,"column":14},"end":{"line":2,"column":30}},"2":{"start":{"line":3,"column":12},"end":{"line":3,"column":55}},"3":{"start":{"line":40,"column":0},"end":{"line":40,"column":71}},"4":{"start":{"line":43,"column":0},"end":{"line":43,"column":22}}},"fnMap":{},"branchMap":{},"s":{"0":1,"1":1,"2":1,"3":1,"4":1},"f":{},"b":{},"_coverageSchema":"1a1c01bbd47fc00a2c39e90264f33305004495a9","hash":"65af9085a419538ef565bb06a644d2d55cc6e190"}
,"/home/tong/Desktop/API/API/App_LTT_API/routes/account.route.js": {"path":"/home/tong/Desktop/API/API/App_LTT_API/routes/account.route.js","statementMap":{"0":{"start":{"line":2,"column":16},"end":{"line":2,"column":34}},"1":{"start":{"line":3,"column":15},"end":{"line":3,"column":31}},"2":{"start":{"line":4,"column":16},"end":{"line":4,"column":60}},"3":{"start":{"line":86,"column":0},"end":{"line":86,"column":65}},"4":{"start":{"line":126,"column":0},"end":{"line":126,"column":99}},"5":{"start":{"line":154,"column":0},"end":{"line":154,"column":71}},"6":{"start":{"line":181,"column":0},"end":{"line":181,"column":88}},"7":{"start":{"line":183,"column":0},"end":{"line":183,"column":23}}},"fnMap":{},"branchMap":{},"s":{"0":1,"1":1,"2":1,"3":1,"4":1,"5":1,"6":1,"7":1},"f":{},"b":{},"_coverageSchema":"1a1c01bbd47fc00a2c39e90264f33305004495a9","hash":"8cf5e8976dc3d112fed6c4180864dd8e0e342d2b"}
,"/home/tong/Desktop/API/API/App_LTT_API/routes/billcancel.route.js": {"path":"/home/tong/Desktop/API/API/App_LTT_API/routes/billcancel.route.js","statementMap":{"0":{"start":{"line":2,"column":16},"end":{"line":2,"column":34}},"1":{"start":{"line":3,"column":14},"end":{"line":3,"column":30}},"2":{"start":{"line":4,"column":19},"end":{"line":4,"column":66}},"3":{"start":{"line":38,"column":0},"end":{"line":38,"column":56}},"4":{"start":{"line":83,"column":0},"end":{"line":83,"column":107}},"5":{"start":{"line":86,"column":0},"end":{"line":86,"column":23}}},"fnMap":{},"branchMap":{},"s":{"0":1,"1":1,"2":1,"3":1,"4":1,"5":1},"f":{},"b":{},"_coverageSchema":"1a1c01bbd47fc00a2c39e90264f33305004495a9","hash":"027072a8688ae437988a7bd4427edfc43af426d8"}
,"/home/tong/Desktop/API/API/App_LTT_API/routes/dashboard.js": {"path":"/home/tong/Desktop/API/API/App_LTT_API/routes/dashboard.js","statementMap":{"0":{"start":{"line":1,"column":16},"end":{"line":1,"column":34}},"1":{"start":{"line":2,"column":14},"end":{"line":2,"column":30}},"2":{"start":{"line":3,"column":18},"end":{"line":3,"column":53}},"3":{"start":{"line":30,"column":0},"end":{"line":30,"column":90}},"4":{"start":{"line":64,"column":0},"end":{"line":64,"column":94}},"5":{"start":{"line":90,"column":0},"end":{"line":90,"column":78}},"6":{"start":{"line":127,"column":0},"end":{"line":127,"column":81}},"7":{"start":{"line":162,"column":1},"end":{"line":162,"column":69}},"8":{"start":{"line":206,"column":1},"end":{"line":206,"column":116}},"9":{"start":{"line":209,"column":1},"end":{"line":209,"column":24}}},"fnMap":{},"branchMap":{},"s":{"0":1,"1":1,"2":1,"3":1,"4":1,"5":1,"6":1,"7":1,"8":1,"9":1},"f":{},"b":{},"_coverageSchema":"1a1c01bbd47fc00a2c39e90264f33305004495a9","hash":"694be748fa7bc72c0fa8f56c28e9c08009c559e4"}
,"/home/tong/Desktop/API/API/App_LTT_API/routes/period.route.js": {"path":"/home/tong/Desktop/API/API/App_LTT_API/routes/period.route.js","statementMap":{"0":{"start":{"line":1,"column":16},"end":{"line":1,"column":34}},"1":{"start":{"line":2,"column":15},"end":{"line":2,"column":31}},"2":{"start":{"line":3,"column":22},"end":{"line":3,"column":64}},"3":{"start":{"line":38,"column":0},"end":{"line":38,"column":62}},"4":{"start":{"line":65,"column":1},"end":{"line":65,"column":67}},"5":{"start":{"line":66,"column":0},"end":{"line":66,"column":23}}},"fnMap":{},"branchMap":{},"s":{"0":1,"1":1,"2":1,"3":1,"4":1,"5":1},"f":{},"b":{},"_coverageSchema":"1a1c01bbd47fc00a2c39e90264f33305004495a9","hash":"69ce68018e8d7a03aa5daa112e34fc78e710ae29"}
,"/home/tong/Desktop/API/API/App_LTT_API/routes/salemanagement.route.js": {"path":"/home/tong/Desktop/API/API/App_LTT_API/routes/salemanagement.route.js","statementMap":{"0":{"start":{"line":2,"column":17},"end":{"line":2,"column":35}},"1":{"start":{"line":3,"column":14},"end":{"line":3,"column":30}},"2":{"start":{"line":4,"column":13},"end":{"line":4,"column":64}},"3":{"start":{"line":74,"column":0},"end":{"line":74,"column":83}},"4":{"start":{"line":93,"column":1},"end":{"line":93,"column":63}},"5":{"start":{"line":112,"column":2},"end":{"line":112,"column":73}},"6":{"start":{"line":144,"column":1},"end":{"line":144,"column":98}},"7":{"start":{"line":145,"column":0},"end":{"line":145,"column":22}}},"fnMap":{},"branchMap":{},"s":{"0":1,"1":1,"2":1,"3":1,"4":1,"5":1,"6":1,"7":1},"f":{},"b":{},"_coverageSchema":"1a1c01bbd47fc00a2c39e90264f33305004495a9","hash":"34271d30c1f6189aafeccf8da7e363e7db60bb30"}
}
